2025-05-31 12:05:45,381 - INFO - Weather Station System Initialized
2025-05-31 12:05:45,730 - ERROR - Display update error: unsupported operand type(s) for *: 'NoneType' and 'float'
2025-05-31 12:05:46,771 - ERROR - Display update error: unsupported operand type(s) for *: 'NoneType' and 'float'
2025-05-31 12:05:47,772 - ERROR - Display update error: unsupported operand type(s) for *: 'NoneType' and 'float'
2025-05-31 12:05:48,772 - ERROR - Display update error: unsupported operand type(s) for *: 'NoneType' and 'float'
2025-05-31 12:05:49,773 - ERROR - Display update error: unsupported operand type(s) for *: 'NoneType' and 'float'
2025-05-31 12:05:50,773 - ERROR - Display update error: unsupported operand type(s) for *: 'NoneType' and 'float'
2025-05-31 12:05:51,774 - ERROR - Display update error: unsupported operand type(s) for *: 'NoneType' and 'float'
2025-05-31 12:05:52,774 - ERROR - Display update error: unsupported operand type(s) for *: 'NoneType' and 'float'
2025-05-31 12:05:53,740 - ERROR - Environment sensor error: Modbus Error: [Input/Output] No response received after 3 retries, continue with next request
2025-05-31 12:05:53,775 - ERROR - Display update error: unsupported operand type(s) for *: 'NoneType' and 'float'
2025-05-31 12:05:54,776 - ERROR - Display update error: unsupported operand type(s) for *: 'NoneType' and 'float'
2025-05-31 12:05:55,776 - ERROR - Display update error: unsupported operand type(s) for *: 'NoneType' and 'float'
2025-05-31 12:05:56,776 - ERROR - Display update error: unsupported operand type(s) for *: 'NoneType' and 'float'
2025-05-31 12:05:57,777 - ERROR - Display update error: unsupported operand type(s) for *: 'NoneType' and 'float'
2025-05-31 12:05:58,778 - ERROR - Display update error: unsupported operand type(s) for *: 'NoneType' and 'float'
2025-05-31 12:05:58,833 - INFO - Shutting down weather station system
2025-05-31 12:06:00,835 - ERROR - UV sensor error: [Errno 9] Bad file descriptor
2025-05-31 12:06:00,835 - INFO - UV: 0.00
2025-05-31 12:06:37,724 - INFO - Weather Station System Initialized
2025-05-31 12:06:38,059 - ERROR - Display update error: unsupported operand type(s) for *: 'NoneType' and 'float'
2025-05-31 12:06:39,160 - ERROR - Display update error: unsupported operand type(s) for *: 'NoneType' and 'float'
2025-05-31 12:06:40,161 - ERROR - Display update error: unsupported operand type(s) for *: 'NoneType' and 'float'
2025-05-31 12:06:41,161 - ERROR - Display update error: unsupported operand type(s) for *: 'NoneType' and 'float'
2025-05-31 12:06:42,162 - ERROR - Display update error: unsupported operand type(s) for *: 'NoneType' and 'float'
2025-05-31 12:06:43,162 - ERROR - Display update error: unsupported operand type(s) for *: 'NoneType' and 'float'
2025-05-31 12:06:44,163 - ERROR - Display update error: unsupported operand type(s) for *: 'NoneType' and 'float'
2025-05-31 12:06:45,163 - ERROR - Display update error: unsupported operand type(s) for *: 'NoneType' and 'float'
2025-05-31 12:06:46,073 - ERROR - Environment sensor error: Modbus Error: [Input/Output] No response received after 3 retries, continue with next request
2025-05-31 12:06:46,163 - ERROR - Display update error: unsupported operand type(s) for *: 'NoneType' and 'float'
2025-05-31 12:06:47,164 - ERROR - Display update error: unsupported operand type(s) for *: 'NoneType' and 'float'
2025-05-31 12:06:48,164 - ERROR - Display update error: unsupported operand type(s) for *: 'NoneType' and 'float'
2025-05-31 12:06:49,165 - ERROR - Display update error: unsupported operand type(s) for *: 'NoneType' and 'float'
2025-05-31 12:06:50,165 - ERROR - Display update error: unsupported operand type(s) for *: 'NoneType' and 'float'
2025-05-31 12:06:51,166 - ERROR - Display update error: unsupported operand type(s) for *: 'NoneType' and 'float'
2025-05-31 12:06:51,821 - INFO - Shutting down weather station system
2025-05-31 12:06:53,823 - ERROR - UV sensor error: [Errno 9] Bad file descriptor
2025-05-31 12:06:53,824 - INFO - UV: 0.00
2025-05-31 12:07:24,873 - INFO - Weather Station System Initialized
2025-05-31 12:07:25,194 - ERROR - Display update error: unsupported operand type(s) for *: 'NoneType' and 'float'
2025-05-31 12:07:26,478 - ERROR - Display update error: unsupported operand type(s) for *: 'NoneType' and 'float'
2025-05-31 12:07:27,479 - ERROR - Display update error: unsupported operand type(s) for *: 'NoneType' and 'float'
2025-05-31 12:07:28,479 - ERROR - Display update error: unsupported operand type(s) for *: 'NoneType' and 'float'
2025-05-31 12:07:29,481 - ERROR - Display update error: unsupported operand type(s) for *: 'NoneType' and 'float'
2025-05-31 12:07:30,481 - ERROR - Display update error: unsupported operand type(s) for *: 'NoneType' and 'float'
2025-05-31 12:07:31,483 - ERROR - Display update error: unsupported operand type(s) for *: 'NoneType' and 'float'
2025-05-31 12:07:32,484 - ERROR - Display update error: unsupported operand type(s) for *: 'NoneType' and 'float'
2025-05-31 12:07:33,197 - ERROR - Environment sensor error: Modbus Error: [Input/Output] No response received after 3 retries, continue with next request
2025-05-31 12:07:33,485 - ERROR - Display update error: unsupported operand type(s) for *: 'NoneType' and 'float'
2025-05-31 12:07:34,486 - ERROR - Display update error: unsupported operand type(s) for *: 'NoneType' and 'float'
2025-05-31 12:07:35,487 - ERROR - Display update error: unsupported operand type(s) for *: 'NoneType' and 'float'
2025-05-31 12:07:36,488 - ERROR - Display update error: unsupported operand type(s) for *: 'NoneType' and 'float'
2025-05-31 12:07:37,489 - ERROR - Display update error: unsupported operand type(s) for *: 'NoneType' and 'float'
2025-05-31 12:07:38,489 - ERROR - Display update error: unsupported operand type(s) for *: 'NoneType' and 'float'
2025-05-31 12:07:39,490 - ERROR - Display update error: unsupported operand type(s) for *: 'NoneType' and 'float'
2025-05-31 12:07:40,490 - ERROR - Display update error: unsupported operand type(s) for *: 'NoneType' and 'float'
2025-05-31 12:07:41,205 - ERROR - UV sensor error: Modbus Error: [Input/Output] No response received after 3 retries, continue with next request
2025-05-31 12:07:41,205 - INFO - UV: 0.00
2025-05-31 12:07:41,313 - ERROR - Error reading AQI data from CSV: Cannot subtract tz-naive and tz-aware datetime-like objects
2025-05-31 12:07:41,491 - ERROR - Display update error: unsupported operand type(s) for *: 'NoneType' and 'float'
2025-05-31 12:07:42,492 - ERROR - Display update error: unsupported operand type(s) for *: 'NoneType' and 'float'
2025-05-31 12:07:43,492 - ERROR - Display update error: unsupported operand type(s) for *: 'NoneType' and 'float'
2025-05-31 12:07:44,492 - ERROR - Display update error: unsupported operand type(s) for *: 'NoneType' and 'float'
2025-05-31 12:07:45,493 - ERROR - Display update error: unsupported operand type(s) for *: 'NoneType' and 'float'
2025-05-31 12:07:46,493 - ERROR - Display update error: unsupported operand type(s) for *: 'NoneType' and 'float'
2025-05-31 12:07:47,494 - ERROR - Display update error: unsupported operand type(s) for *: 'NoneType' and 'float'
2025-05-31 12:07:48,494 - ERROR - Display update error: unsupported operand type(s) for *: 'NoneType' and 'float'
2025-05-31 12:07:49,323 - ERROR - Wind speed sensor error: Modbus Error: [Input/Output] No response received after 3 retries, continue with next request
2025-05-31 12:07:49,323 - INFO - Wind Speed: 0.0 m/s
2025-05-31 12:07:49,495 - ERROR - Display update error: unsupported operand type(s) for *: 'NoneType' and 'float'
2025-05-31 12:07:50,495 - ERROR - Display update error: unsupported operand type(s) for *: 'NoneType' and 'float'
2025-05-31 12:07:51,496 - ERROR - Display update error: unsupported operand type(s) for *: 'NoneType' and 'float'
2025-05-31 12:07:52,496 - ERROR - Display update error: unsupported operand type(s) for *: 'NoneType' and 'float'
2025-05-31 12:07:53,497 - ERROR - Display update error: unsupported operand type(s) for *: 'NoneType' and 'float'
2025-05-31 12:07:54,497 - ERROR - Display update error: unsupported operand type(s) for *: 'NoneType' and 'float'
2025-05-31 12:07:55,497 - ERROR - Display update error: unsupported operand type(s) for *: 'NoneType' and 'float'
2025-05-31 12:07:56,498 - ERROR - Display update error: unsupported operand type(s) for *: 'NoneType' and 'float'
2025-05-31 12:07:57,332 - ERROR - Wind direction sensor error: Modbus Error: [Input/Output] No response received after 3 retries, continue with next request
2025-05-31 12:07:57,498 - ERROR - Display update error: unsupported operand type(s) for *: 'NoneType' and 'float'
2025-05-31 12:07:58,499 - ERROR - Display update error: unsupported operand type(s) for *: 'NoneType' and 'float'
2025-05-31 12:07:59,499 - ERROR - Display update error: unsupported operand type(s) for *: 'NoneType' and 'float'
2025-05-31 12:08:00,500 - ERROR - Display update error: unsupported operand type(s) for *: 'NoneType' and 'float'
2025-05-31 12:08:01,500 - ERROR - Display update error: unsupported operand type(s) for *: 'NoneType' and 'float'
2025-05-31 12:08:02,501 - ERROR - Display update error: unsupported operand type(s) for *: 'NoneType' and 'float'
2025-05-31 12:08:03,501 - ERROR - Display update error: unsupported operand type(s) for *: 'NoneType' and 'float'
2025-05-31 12:08:04,502 - ERROR - Display update error: unsupported operand type(s) for *: 'NoneType' and 'float'
2025-05-31 12:08:05,339 - ERROR - Rainfall sensor error: Modbus Error: [Input/Output] No response received after 3 retries, continue with next request
2025-05-31 12:08:14,346 - ERROR - Environment sensor error: Modbus Error: [Input/Output] No response received after 3 retries, continue with next request
2025-05-31 12:08:22,355 - ERROR - UV sensor error: Modbus Error: [Input/Output] No response received after 3 retries, continue with next request
2025-05-31 12:08:22,355 - INFO - UV: 0.00
2025-05-31 12:08:22,401 - ERROR - Error reading AQI data from CSV: Cannot subtract tz-naive and tz-aware datetime-like objects
2025-05-31 12:08:30,409 - ERROR - Wind speed sensor error: Modbus Error: [Input/Output] ERROR: No response received of the last requests (default: retries+3), CLOSING CONNECTION.
2025-05-31 12:08:30,409 - INFO - Wind Speed: 0.0 m/s
2025-05-31 12:08:38,420 - ERROR - Wind direction sensor error: Modbus Error: [Input/Output] ERROR: No response received of the last requests (default: retries+3), CLOSING CONNECTION.
2025-05-31 12:08:46,426 - ERROR - Rainfall sensor error: Modbus Error: [Input/Output] ERROR: No response received of the last requests (default: retries+3), CLOSING CONNECTION.
2025-05-31 12:08:55,437 - ERROR - Environment sensor error: Modbus Error: [Input/Output] ERROR: No response received of the last requests (default: retries+3), CLOSING CONNECTION.
2025-05-31 12:09:03,446 - ERROR - UV sensor error: Modbus Error: [Input/Output] ERROR: No response received of the last requests (default: retries+3), CLOSING CONNECTION.
2025-05-31 12:09:03,447 - INFO - UV: 0.00
2025-05-31 12:09:03,490 - ERROR - Error reading AQI data from CSV: Cannot subtract tz-naive and tz-aware datetime-like objects
2025-05-31 12:09:11,500 - ERROR - Wind speed sensor error: Modbus Error: [Input/Output] ERROR: No response received of the last requests (default: retries+3), CLOSING CONNECTION.
2025-05-31 12:09:11,500 - INFO - Wind Speed: 0.0 m/s
2025-05-31 12:09:16,368 - INFO - Weather Station System Initialized
2025-05-31 12:09:16,671 - ERROR - Display update error: unsupported operand type(s) for *: 'NoneType' and 'float'
2025-05-31 12:09:17,682 - ERROR - Display update error: unsupported operand type(s) for *: 'NoneType' and 'float'
2025-05-31 12:09:18,682 - ERROR - Display update error: unsupported operand type(s) for *: 'NoneType' and 'float'
2025-05-31 12:09:19,682 - ERROR - Display update error: unsupported operand type(s) for *: 'NoneType' and 'float'
2025-05-31 12:09:20,683 - ERROR - Display update error: unsupported operand type(s) for *: 'NoneType' and 'float'
2025-05-31 12:09:21,683 - ERROR - Display update error: unsupported operand type(s) for *: 'NoneType' and 'float'
2025-05-31 12:09:22,683 - ERROR - Display update error: unsupported operand type(s) for *: 'NoneType' and 'float'
2025-05-31 12:09:23,684 - ERROR - Display update error: unsupported operand type(s) for *: 'NoneType' and 'float'
2025-05-31 12:09:24,679 - ERROR - Environment sensor error: Modbus Error: [Input/Output] No response received after 3 retries, continue with next request
2025-05-31 12:09:24,684 - ERROR - Display update error: unsupported operand type(s) for *: 'NoneType' and 'float'
2025-05-31 12:09:25,685 - ERROR - Display update error: unsupported operand type(s) for *: 'NoneType' and 'float'
2025-05-31 12:09:26,059 - INFO - Shutting down weather station system
2025-05-31 12:09:28,061 - ERROR - UV sensor error: [Errno 9] Bad file descriptor
2025-05-31 12:09:28,061 - INFO - UV: 0.00
2025-05-31 12:09:59,224 - INFO - Weather Station System Initialized
2025-05-31 12:09:59,791 - ERROR - Display update error: unsupported operand type(s) for *: 'NoneType' and 'float'
2025-05-31 12:10:00,891 - ERROR - Display update error: unsupported operand type(s) for *: 'NoneType' and 'float'
2025-05-31 12:10:01,891 - ERROR - Display update error: unsupported operand type(s) for *: 'NoneType' and 'float'
2025-05-31 12:10:02,891 - ERROR - Display update error: unsupported operand type(s) for *: 'NoneType' and 'float'
2025-05-31 12:10:03,892 - ERROR - Display update error: unsupported operand type(s) for *: 'NoneType' and 'float'
2025-05-31 12:10:04,892 - ERROR - Display update error: unsupported operand type(s) for *: 'NoneType' and 'float'
2025-05-31 12:10:05,892 - ERROR - Display update error: unsupported operand type(s) for *: 'NoneType' and 'float'
2025-05-31 12:10:06,893 - ERROR - Display update error: unsupported operand type(s) for *: 'NoneType' and 'float'
2025-05-31 12:10:07,806 - ERROR - Environment sensor error: Modbus Error: [Input/Output] No response received after 3 retries, continue with next request
2025-05-31 12:10:07,893 - ERROR - Display update error: unsupported operand type(s) for *: 'NoneType' and 'float'
2025-05-31 12:10:08,894 - ERROR - Display update error: unsupported operand type(s) for *: 'NoneType' and 'float'
2025-05-31 12:10:09,894 - ERROR - Display update error: unsupported operand type(s) for *: 'NoneType' and 'float'
2025-05-31 12:10:10,895 - ERROR - Display update error: unsupported operand type(s) for *: 'NoneType' and 'float'
2025-05-31 12:10:11,896 - ERROR - Display update error: unsupported operand type(s) for *: 'NoneType' and 'float'
2025-05-31 12:10:12,896 - ERROR - Display update error: unsupported operand type(s) for *: 'NoneType' and 'float'
2025-05-31 12:10:13,897 - ERROR - Display update error: unsupported operand type(s) for *: 'NoneType' and 'float'
2025-05-31 12:10:14,897 - ERROR - Display update error: unsupported operand type(s) for *: 'NoneType' and 'float'
2025-05-31 12:10:15,816 - ERROR - UV sensor error: Modbus Error: [Input/Output] No response received after 3 retries, continue with next request
2025-05-31 12:10:15,816 - INFO - UV: 0.00
2025-05-31 12:10:15,867 - ERROR - Error reading AQI data from CSV: Cannot subtract tz-naive and tz-aware datetime-like objects
2025-05-31 12:10:15,897 - ERROR - Display update error: unsupported operand type(s) for *: 'NoneType' and 'float'
2025-05-31 12:10:16,898 - ERROR - Display update error: unsupported operand type(s) for *: 'NoneType' and 'float'
2025-05-31 12:10:17,899 - ERROR - Display update error: unsupported operand type(s) for *: 'NoneType' and 'float'
2025-05-31 12:10:18,899 - ERROR - Display update error: unsupported operand type(s) for *: 'NoneType' and 'float'
2025-05-31 12:10:19,900 - ERROR - Display update error: unsupported operand type(s) for *: 'NoneType' and 'float'
2025-05-31 12:10:20,900 - ERROR - Display update error: unsupported operand type(s) for *: 'NoneType' and 'float'
2025-05-31 12:10:21,900 - ERROR - Display update error: unsupported operand type(s) for *: 'NoneType' and 'float'
2025-05-31 12:10:22,901 - ERROR - Display update error: unsupported operand type(s) for *: 'NoneType' and 'float'
2025-05-31 12:10:23,873 - ERROR - Wind speed sensor error: Modbus Error: [Input/Output] No response received after 3 retries, continue with next request
2025-05-31 12:10:23,873 - INFO - Wind Speed: 0.0 m/s
2025-05-31 12:10:23,905 - ERROR - Display update error: unsupported operand type(s) for *: 'NoneType' and 'float'
2025-05-31 12:10:23,960 - INFO - Shutting down weather station system
2025-05-31 12:10:25,964 - ERROR - Wind direction sensor error: [Errno 9] Bad file descriptor
2025-05-31 12:10:25,964 - ERROR - Rainfall sensor error: [Errno 9] Bad file descriptor
2025-05-31 12:14:50,741 - INFO - Weather Station System Initialized
2025-05-31 12:14:51,372 - ERROR - Display update error: unsupported operand type(s) for *: 'NoneType' and 'float'
2025-05-31 12:14:52,373 - ERROR - Display update error: unsupported operand type(s) for *: 'NoneType' and 'float'
2025-05-31 12:14:53,376 - ERROR - Display update error: unsupported operand type(s) for *: 'NoneType' and 'float'
2025-05-31 12:14:54,377 - ERROR - Display update error: unsupported operand type(s) for *: 'NoneType' and 'float'
2025-05-31 12:14:55,380 - ERROR - Display update error: unsupported operand type(s) for *: 'NoneType' and 'float'
2025-05-31 12:14:56,387 - ERROR - Display update error: unsupported operand type(s) for *: 'NoneType' and 'float'
2025-05-31 12:14:57,388 - ERROR - Display update error: unsupported operand type(s) for *: 'NoneType' and 'float'
2025-05-31 12:14:58,388 - ERROR - Display update error: unsupported operand type(s) for *: 'NoneType' and 'float'
2025-05-31 12:14:59,389 - ERROR - Display update error: unsupported operand type(s) for *: 'NoneType' and 'float'
2025-05-31 12:14:59,392 - ERROR - Environment sensor error: Modbus Error: [Input/Output] No response received after 3 retries, continue with next request
2025-05-31 12:15:00,391 - ERROR - Display update error: unsupported operand type(s) for *: 'NoneType' and 'float'
2025-05-31 12:15:01,391 - ERROR - Display update error: unsupported operand type(s) for *: 'NoneType' and 'float'
2025-05-31 12:15:02,392 - ERROR - Display update error: unsupported operand type(s) for *: 'NoneType' and 'float'
2025-05-31 12:15:03,392 - ERROR - Display update error: unsupported operand type(s) for *: 'NoneType' and 'float'
2025-05-31 12:15:04,392 - ERROR - Display update error: unsupported operand type(s) for *: 'NoneType' and 'float'
2025-05-31 12:15:05,393 - ERROR - Display update error: unsupported operand type(s) for *: 'NoneType' and 'float'
2025-05-31 12:15:06,393 - ERROR - Display update error: unsupported operand type(s) for *: 'NoneType' and 'float'
2025-05-31 12:15:07,393 - ERROR - Display update error: unsupported operand type(s) for *: 'NoneType' and 'float'
2025-05-31 12:15:07,404 - ERROR - UV sensor error: Modbus Error: [Input/Output] No response received after 3 retries, continue with next request
2025-05-31 12:15:07,404 - INFO - UV: 0.00
2025-05-31 12:15:08,393 - ERROR - Display update error: unsupported operand type(s) for *: 'NoneType' and 'float'
2025-05-31 12:15:09,394 - ERROR - Display update error: unsupported operand type(s) for *: 'NoneType' and 'float'
2025-05-31 12:15:10,394 - ERROR - Display update error: unsupported operand type(s) for *: 'NoneType' and 'float'
2025-05-31 12:15:11,394 - ERROR - Display update error: unsupported operand type(s) for *: 'NoneType' and 'float'
2025-05-31 12:15:12,033 - INFO - Shutting down weather station system
2025-05-31 12:15:14,036 - ERROR - AQI sensor error: [Errno 9] Bad file descriptor
2025-05-31 12:15:14,036 - ERROR - Wind speed sensor error: [Errno 9] Bad file descriptor
2025-05-31 12:15:14,036 - INFO - Wind Speed: 0.0 m/s
2025-05-31 12:15:14,036 - ERROR - Wind direction sensor error: [Errno 9] Bad file descriptor
2025-05-31 12:15:14,036 - ERROR - Rainfall sensor error: [Errno 9] Bad file descriptor
2025-05-31 12:17:02,016 - INFO - Weather Station System Initialized
2025-05-31 12:17:02,338 - ERROR - Display update error: unsupported operand type(s) for *: 'NoneType' and 'float'
2025-05-31 12:17:03,396 - ERROR - Display update error: unsupported operand type(s) for *: 'NoneType' and 'float'
2025-05-31 12:17:04,397 - ERROR - Display update error: unsupported operand type(s) for *: 'NoneType' and 'float'
2025-05-31 12:17:05,397 - ERROR - Display update error: unsupported operand type(s) for *: 'NoneType' and 'float'
2025-05-31 12:17:06,397 - ERROR - Display update error: unsupported operand type(s) for *: 'NoneType' and 'float'
2025-05-31 12:17:07,398 - ERROR - Display update error: unsupported operand type(s) for *: 'NoneType' and 'float'
2025-05-31 12:17:08,398 - ERROR - Display update error: unsupported operand type(s) for *: 'NoneType' and 'float'
2025-05-31 12:17:09,398 - ERROR - Display update error: unsupported operand type(s) for *: 'NoneType' and 'float'
2025-05-31 12:17:10,346 - ERROR - Environment sensor error: Modbus Error: [Input/Output] No response received after 3 retries, continue with next request
2025-05-31 12:17:10,398 - ERROR - Display update error: unsupported operand type(s) for *: 'NoneType' and 'float'
2025-05-31 12:17:11,399 - ERROR - Display update error: unsupported operand type(s) for *: 'NoneType' and 'float'
2025-05-31 12:17:12,399 - ERROR - Display update error: unsupported operand type(s) for *: 'NoneType' and 'float'
2025-05-31 12:17:13,400 - ERROR - Display update error: unsupported operand type(s) for *: 'NoneType' and 'float'
2025-05-31 12:17:13,804 - INFO - Shutting down weather station system
2025-05-31 12:17:15,805 - ERROR - UV sensor error: [Errno 9] Bad file descriptor
2025-05-31 12:17:15,805 - INFO - UV: 0.00
2025-05-31 12:17:15,805 - ERROR - AQI sensor error: [Errno 9] Bad file descriptor
2025-05-31 12:17:15,805 - ERROR - Wind speed sensor error: [Errno 9] Bad file descriptor
2025-05-31 12:17:15,805 - INFO - Wind Speed: 0.0 m/s
2025-05-31 12:17:15,805 - ERROR - Wind direction sensor error: [Errno 9] Bad file descriptor
2025-05-31 12:17:15,805 - ERROR - Rainfall sensor error: [Errno 9] Bad file descriptor
2025-05-31 12:17:45,908 - INFO - Weather Station System Initialized
2025-05-31 12:17:46,228 - ERROR - Display update error: unsupported operand type(s) for *: 'NoneType' and 'float'
2025-05-31 12:17:47,228 - ERROR - Display update error: unsupported operand type(s) for *: 'NoneType' and 'float'
2025-05-31 12:17:48,228 - ERROR - Display update error: unsupported operand type(s) for *: 'NoneType' and 'float'
2025-05-31 12:17:49,229 - ERROR - Display update error: unsupported operand type(s) for *: 'NoneType' and 'float'
2025-05-31 12:17:50,229 - ERROR - Display update error: unsupported operand type(s) for *: 'NoneType' and 'float'
2025-05-31 12:17:51,229 - ERROR - Display update error: unsupported operand type(s) for *: 'NoneType' and 'float'
2025-05-31 12:17:52,230 - ERROR - Display update error: unsupported operand type(s) for *: 'NoneType' and 'float'
2025-05-31 12:17:53,232 - ERROR - Display update error: unsupported operand type(s) for *: 'NoneType' and 'float'
2025-05-31 12:17:54,232 - ERROR - Display update error: unsupported operand type(s) for *: 'NoneType' and 'float'
2025-05-31 12:17:54,240 - ERROR - Environment sensor error: Modbus Error: [Input/Output] No response received after 3 retries, continue with next request
2025-05-31 12:17:55,233 - ERROR - Display update error: unsupported operand type(s) for *: 'NoneType' and 'float'
2025-05-31 12:17:56,233 - ERROR - Display update error: unsupported operand type(s) for *: 'NoneType' and 'float'
2025-05-31 12:17:57,233 - ERROR - Display update error: unsupported operand type(s) for *: 'NoneType' and 'float'
2025-05-31 12:17:58,234 - ERROR - Display update error: unsupported operand type(s) for *: 'NoneType' and 'float'
2025-05-31 12:17:59,234 - ERROR - Display update error: unsupported operand type(s) for *: 'NoneType' and 'float'
2025-05-31 12:18:00,234 - ERROR - Display update error: unsupported operand type(s) for *: 'NoneType' and 'float'
2025-05-31 12:18:01,235 - ERROR - Display update error: unsupported operand type(s) for *: 'NoneType' and 'float'
2025-05-31 12:18:02,235 - ERROR - Display update error: unsupported operand type(s) for *: 'NoneType' and 'float'
2025-05-31 12:18:02,246 - ERROR - UV sensor error: Modbus Error: [Input/Output] No response received after 3 retries, continue with next request
2025-05-31 12:18:02,246 - INFO - UV: 0.00
2025-05-31 12:18:03,235 - ERROR - Display update error: unsupported operand type(s) for *: 'NoneType' and 'float'
2025-05-31 12:18:04,235 - ERROR - Display update error: unsupported operand type(s) for *: 'NoneType' and 'float'
2025-05-31 12:18:05,236 - ERROR - Display update error: unsupported operand type(s) for *: 'NoneType' and 'float'
2025-05-31 12:18:06,236 - ERROR - Display update error: unsupported operand type(s) for *: 'NoneType' and 'float'
2025-05-31 12:18:07,236 - ERROR - Display update error: unsupported operand type(s) for *: 'NoneType' and 'float'
2025-05-31 12:18:08,237 - ERROR - Display update error: unsupported operand type(s) for *: 'NoneType' and 'float'
2025-05-31 12:18:09,237 - ERROR - Display update error: unsupported operand type(s) for *: 'NoneType' and 'float'
2025-05-31 12:18:10,237 - ERROR - Display update error: unsupported operand type(s) for *: 'NoneType' and 'float'
2025-05-31 12:18:10,256 - ERROR - AQI sensor error: Modbus Error: [Input/Output] No response received after 3 retries, continue with next request
2025-05-31 12:18:11,238 - ERROR - Display update error: unsupported operand type(s) for *: 'NoneType' and 'float'
2025-05-31 12:18:12,238 - ERROR - Display update error: unsupported operand type(s) for *: 'NoneType' and 'float'
2025-05-31 12:18:13,238 - ERROR - Display update error: unsupported operand type(s) for *: 'NoneType' and 'float'
2025-05-31 12:18:14,239 - ERROR - Display update error: unsupported operand type(s) for *: 'NoneType' and 'float'
2025-05-31 12:18:15,239 - ERROR - Display update error: unsupported operand type(s) for *: 'NoneType' and 'float'
2025-05-31 12:18:16,239 - ERROR - Display update error: unsupported operand type(s) for *: 'NoneType' and 'float'
2025-05-31 12:18:17,239 - ERROR - Display update error: unsupported operand type(s) for *: 'NoneType' and 'float'
2025-05-31 12:18:18,240 - ERROR - Display update error: unsupported operand type(s) for *: 'NoneType' and 'float'
2025-05-31 12:18:18,264 - ERROR - Wind speed sensor error: Modbus Error: [Input/Output] No response received after 3 retries, continue with next request
2025-05-31 12:18:18,264 - INFO - Wind Speed: 0.0 m/s
2025-05-31 12:18:19,240 - ERROR - Display update error: unsupported operand type(s) for *: 'NoneType' and 'float'
2025-05-31 12:18:20,240 - ERROR - Display update error: unsupported operand type(s) for *: 'NoneType' and 'float'
2025-05-31 12:18:21,241 - ERROR - Display update error: unsupported operand type(s) for *: 'NoneType' and 'float'
2025-05-31 12:18:22,241 - ERROR - Display update error: unsupported operand type(s) for *: 'NoneType' and 'float'
2025-05-31 12:18:23,241 - ERROR - Display update error: unsupported operand type(s) for *: 'NoneType' and 'float'
2025-05-31 12:18:24,242 - ERROR - Display update error: unsupported operand type(s) for *: 'NoneType' and 'float'
2025-05-31 12:18:25,242 - ERROR - Display update error: unsupported operand type(s) for *: 'NoneType' and 'float'
2025-05-31 12:18:26,242 - ERROR - Display update error: unsupported operand type(s) for *: 'NoneType' and 'float'
2025-05-31 12:18:26,270 - ERROR - Wind direction sensor error: Modbus Error: [Input/Output] No response received after 3 retries, continue with next request
2025-05-31 12:18:27,242 - ERROR - Display update error: unsupported operand type(s) for *: 'NoneType' and 'float'
2025-05-31 12:18:28,243 - ERROR - Display update error: unsupported operand type(s) for *: 'NoneType' and 'float'
2025-05-31 12:18:29,243 - ERROR - Display update error: unsupported operand type(s) for *: 'NoneType' and 'float'
2025-05-31 12:18:30,243 - ERROR - Display update error: unsupported operand type(s) for *: 'NoneType' and 'float'
2025-05-31 12:18:31,244 - ERROR - Display update error: unsupported operand type(s) for *: 'NoneType' and 'float'
2025-05-31 12:18:32,244 - ERROR - Display update error: unsupported operand type(s) for *: 'NoneType' and 'float'
2025-05-31 12:18:33,244 - ERROR - Display update error: unsupported operand type(s) for *: 'NoneType' and 'float'
2025-05-31 12:18:34,245 - ERROR - Display update error: unsupported operand type(s) for *: 'NoneType' and 'float'
2025-05-31 12:18:34,280 - ERROR - Rainfall sensor error: Modbus Error: [Input/Output] No response received after 3 retries, continue with next request
2025-05-31 12:18:41,968 - INFO - Shutting down weather station system
2025-05-31 12:18:43,291 - ERROR - Environment sensor error: Modbus Error: [Input/Output] No response received after 3 retries, continue with next request
2025-05-31 12:18:43,969 - ERROR - UV sensor error: [Errno 9] Bad file descriptor
2025-05-31 12:18:43,969 - INFO - UV: 0.00
2025-05-31 12:18:43,969 - ERROR - AQI sensor error: [Errno 9] Bad file descriptor
2025-05-31 12:18:43,969 - ERROR - Wind speed sensor error: [Errno 9] Bad file descriptor
2025-05-31 12:18:43,969 - INFO - Wind Speed: 0.0 m/s
2025-05-31 12:18:43,970 - ERROR - Wind direction sensor error: [Errno 9] Bad file descriptor
2025-05-31 12:18:43,970 - ERROR - Rainfall sensor error: [Errno 9] Bad file descriptor
2025-05-31 12:22:21,974 - INFO - Weather Station System Initialized
2025-05-31 12:22:22,935 - ERROR - Display update error: unsupported operand type(s) for *: 'NoneType' and 'float'
2025-05-31 12:22:24,828 - ERROR - Display update error: unsupported operand type(s) for *: 'NoneType' and 'float'
2025-05-31 12:22:25,829 - ERROR - Display update error: unsupported operand type(s) for *: 'NoneType' and 'float'
2025-05-31 12:22:26,830 - ERROR - Display update error: unsupported operand type(s) for *: 'NoneType' and 'float'
2025-05-31 12:22:27,830 - ERROR - Display update error: unsupported operand type(s) for *: 'NoneType' and 'float'
2025-05-31 12:22:28,833 - ERROR - Display update error: unsupported operand type(s) for *: 'NoneType' and 'float'
2025-05-31 12:22:29,837 - ERROR - Display update error: unsupported operand type(s) for *: 'NoneType' and 'float'
2025-05-31 12:22:30,838 - ERROR - Display update error: unsupported operand type(s) for *: 'NoneType' and 'float'
2025-05-31 12:22:30,953 - ERROR - Environment sensor error: Modbus Error: [Input/Output] No response received after 3 retries, continue with next request
2025-05-31 12:22:31,840 - ERROR - Display update error: unsupported operand type(s) for *: 'NoneType' and 'float'
2025-05-31 12:22:32,841 - ERROR - Display update error: unsupported operand type(s) for *: 'NoneType' and 'float'
2025-05-31 12:22:33,841 - ERROR - Display update error: unsupported operand type(s) for *: 'NoneType' and 'float'
2025-05-31 12:22:34,842 - ERROR - Display update error: unsupported operand type(s) for *: 'NoneType' and 'float'
2025-05-31 12:22:35,842 - ERROR - Display update error: unsupported operand type(s) for *: 'NoneType' and 'float'
2025-05-31 12:22:36,842 - ERROR - Display update error: unsupported operand type(s) for *: 'NoneType' and 'float'
2025-05-31 12:22:37,843 - ERROR - Display update error: unsupported operand type(s) for *: 'NoneType' and 'float'
2025-05-31 12:22:38,843 - ERROR - Display update error: unsupported operand type(s) for *: 'NoneType' and 'float'
2025-05-31 12:22:38,960 - ERROR - UV sensor error: Modbus Error: [Input/Output] No response received after 3 retries, continue with next request
2025-05-31 12:22:38,960 - INFO - UV: 0.00
2025-05-31 12:22:39,844 - ERROR - Display update error: unsupported operand type(s) for *: 'NoneType' and 'float'
2025-05-31 12:22:40,844 - ERROR - Display update error: unsupported operand type(s) for *: 'NoneType' and 'float'
2025-05-31 12:22:41,845 - ERROR - Display update error: unsupported operand type(s) for *: 'NoneType' and 'float'
2025-05-31 12:22:42,845 - ERROR - Display update error: unsupported operand type(s) for *: 'NoneType' and 'float'
2025-05-31 12:22:43,845 - ERROR - Display update error: unsupported operand type(s) for *: 'NoneType' and 'float'
2025-05-31 12:22:44,845 - ERROR - Display update error: unsupported operand type(s) for *: 'NoneType' and 'float'
2025-05-31 12:22:45,846 - ERROR - Display update error: unsupported operand type(s) for *: 'NoneType' and 'float'
2025-05-31 12:22:46,846 - ERROR - Display update error: unsupported operand type(s) for *: 'NoneType' and 'float'
2025-05-31 12:22:46,968 - ERROR - AQI sensor error: Modbus Error: [Input/Output] No response received after 3 retries, continue with next request
2025-05-31 12:22:47,847 - ERROR - Display update error: unsupported operand type(s) for *: 'NoneType' and 'float'
2025-05-31 12:22:48,847 - ERROR - Display update error: unsupported operand type(s) for *: 'NoneType' and 'float'
2025-05-31 12:22:49,848 - ERROR - Display update error: unsupported operand type(s) for *: 'NoneType' and 'float'
2025-05-31 12:22:50,848 - ERROR - Display update error: unsupported operand type(s) for *: 'NoneType' and 'float'
2025-05-31 12:22:51,848 - ERROR - Display update error: unsupported operand type(s) for *: 'NoneType' and 'float'
2025-05-31 12:22:52,849 - ERROR - Display update error: unsupported operand type(s) for *: 'NoneType' and 'float'
2025-05-31 12:22:53,852 - ERROR - Display update error: unsupported operand type(s) for *: 'NoneType' and 'float'
2025-05-31 12:22:54,852 - ERROR - Display update error: unsupported operand type(s) for *: 'NoneType' and 'float'
2025-05-31 12:22:54,979 - ERROR - Wind speed sensor error: Modbus Error: [Input/Output] No response received after 3 retries, continue with next request
2025-05-31 12:22:54,979 - INFO - Wind Speed: 0.0 m/s
2025-05-31 12:22:55,852 - ERROR - Display update error: unsupported operand type(s) for *: 'NoneType' and 'float'
2025-05-31 12:22:56,853 - ERROR - Display update error: unsupported operand type(s) for *: 'NoneType' and 'float'
2025-05-31 12:22:57,853 - ERROR - Display update error: unsupported operand type(s) for *: 'NoneType' and 'float'
2025-05-31 12:22:58,853 - ERROR - Display update error: unsupported operand type(s) for *: 'NoneType' and 'float'
2025-05-31 12:22:59,853 - ERROR - Display update error: unsupported operand type(s) for *: 'NoneType' and 'float'
2025-05-31 12:23:00,854 - ERROR - Display update error: unsupported operand type(s) for *: 'NoneType' and 'float'
2025-05-31 12:23:01,854 - ERROR - Display update error: unsupported operand type(s) for *: 'NoneType' and 'float'
2025-05-31 12:23:02,854 - ERROR - Display update error: unsupported operand type(s) for *: 'NoneType' and 'float'
2025-05-31 12:23:02,987 - ERROR - Wind direction sensor error: Modbus Error: [Input/Output] No response received after 3 retries, continue with next request
2025-05-31 12:23:03,855 - ERROR - Display update error: unsupported operand type(s) for *: 'NoneType' and 'float'
2025-05-31 12:23:04,855 - ERROR - Display update error: unsupported operand type(s) for *: 'NoneType' and 'float'
2025-05-31 12:23:05,855 - ERROR - Display update error: unsupported operand type(s) for *: 'NoneType' and 'float'
2025-05-31 12:23:06,856 - ERROR - Display update error: unsupported operand type(s) for *: 'NoneType' and 'float'
2025-05-31 12:23:07,856 - ERROR - Display update error: unsupported operand type(s) for *: 'NoneType' and 'float'
2025-05-31 12:23:08,856 - ERROR - Display update error: unsupported operand type(s) for *: 'NoneType' and 'float'
2025-05-31 12:23:09,857 - ERROR - Display update error: unsupported operand type(s) for *: 'NoneType' and 'float'
2025-05-31 12:23:10,857 - ERROR - Display update error: unsupported operand type(s) for *: 'NoneType' and 'float'
2025-05-31 12:23:10,996 - ERROR - Rainfall sensor error: Modbus Error: [Input/Output] No response received after 3 retries, continue with next request
2025-05-31 12:23:18,477 - INFO - Shutting down weather station system
2025-05-31 12:23:20,002 - ERROR - Environment sensor error: Modbus Error: [Input/Output] No response received after 3 retries, continue with next request
2025-05-31 12:23:20,479 - ERROR - UV sensor error: [Errno 9] Bad file descriptor
2025-05-31 12:23:20,479 - INFO - UV: 0.00
2025-05-31 12:23:20,479 - ERROR - AQI sensor error: [Errno 9] Bad file descriptor
2025-05-31 12:23:20,479 - ERROR - Wind speed sensor error: [Errno 9] Bad file descriptor
2025-05-31 12:23:20,479 - INFO - Wind Speed: 0.0 m/s
2025-05-31 12:23:20,479 - ERROR - Wind direction sensor error: [Errno 9] Bad file descriptor
2025-05-31 12:23:20,479 - ERROR - Rainfall sensor error: [Errno 9] Bad file descriptor
2025-05-31 12:24:55,382 - INFO - Weather Station System Initialized
2025-05-31 12:24:55,708 - ERROR - Display update error: unsupported operand type(s) for *: 'NoneType' and 'float'
2025-05-31 12:24:56,709 - ERROR - Display update error: unsupported operand type(s) for *: 'NoneType' and 'float'
2025-05-31 12:24:57,709 - ERROR - Display update error: unsupported operand type(s) for *: 'NoneType' and 'float'
2025-05-31 12:24:58,710 - ERROR - Display update error: unsupported operand type(s) for *: 'NoneType' and 'float'
2025-05-31 12:24:59,710 - ERROR - Display update error: unsupported operand type(s) for *: 'NoneType' and 'float'
2025-05-31 12:25:00,710 - ERROR - Display update error: unsupported operand type(s) for *: 'NoneType' and 'float'
2025-05-31 12:25:00,935 - INFO - Shutting down weather station system
2025-05-31 12:25:02,939 - ERROR - Environment sensor error: [Errno 9] Bad file descriptor
2025-05-31 12:25:02,939 - ERROR - UV sensor error: [Errno 9] Bad file descriptor
2025-05-31 12:25:02,939 - INFO - UV: 0.00
2025-05-31 12:25:22,977 - INFO - Weather Station System Initialized
2025-05-31 12:25:23,296 - ERROR - Display update error: unsupported operand type(s) for *: 'NoneType' and 'float'
2025-05-31 12:25:24,362 - ERROR - Display update error: unsupported operand type(s) for *: 'NoneType' and 'float'
2025-05-31 12:25:25,363 - ERROR - Display update error: unsupported operand type(s) for *: 'NoneType' and 'float'
2025-05-31 12:25:26,363 - ERROR - Display update error: unsupported operand type(s) for *: 'NoneType' and 'float'
2025-05-31 12:25:27,363 - ERROR - Display update error: unsupported operand type(s) for *: 'NoneType' and 'float'
2025-05-31 12:25:28,364 - ERROR - Display update error: unsupported operand type(s) for *: 'NoneType' and 'float'
2025-05-31 12:25:29,364 - ERROR - Display update error: unsupported operand type(s) for *: 'NoneType' and 'float'
2025-05-31 12:25:30,364 - ERROR - Display update error: unsupported operand type(s) for *: 'NoneType' and 'float'
2025-05-31 12:25:31,309 - ERROR - Environment sensor error: Modbus Error: [Input/Output] No response received after 3 retries, continue with next request
2025-05-31 12:25:31,365 - ERROR - Display update error: unsupported operand type(s) for *: 'NoneType' and 'float'
2025-05-31 12:25:32,365 - ERROR - Display update error: unsupported operand type(s) for *: 'NoneType' and 'float'
2025-05-31 12:25:33,366 - ERROR - Display update error: unsupported operand type(s) for *: 'NoneType' and 'float'
2025-05-31 12:25:34,366 - ERROR - Display update error: unsupported operand type(s) for *: 'NoneType' and 'float'
2025-05-31 12:25:35,366 - ERROR - Display update error: unsupported operand type(s) for *: 'NoneType' and 'float'
2025-05-31 12:25:36,370 - ERROR - Display update error: unsupported operand type(s) for *: 'NoneType' and 'float'
2025-05-31 12:25:37,370 - ERROR - Display update error: unsupported operand type(s) for *: 'NoneType' and 'float'
2025-05-31 12:25:38,370 - ERROR - Display update error: unsupported operand type(s) for *: 'NoneType' and 'float'
2025-05-31 12:25:39,318 - ERROR - UV sensor error: Modbus Error: [Input/Output] No response received after 3 retries, continue with next request
2025-05-31 12:25:39,318 - INFO - UV: 0.00
2025-05-31 12:25:39,378 - ERROR - Display update error: unsupported operand type(s) for *: 'NoneType' and 'float'
2025-05-31 12:25:39,380 - ERROR - Error reading AQI data from CSV: Cannot subtract tz-naive and tz-aware datetime-like objects
2025-05-31 12:25:40,381 - ERROR - Display update error: unsupported operand type(s) for *: 'NoneType' and 'float'
2025-05-31 12:25:41,384 - ERROR - Display update error: unsupported operand type(s) for *: 'NoneType' and 'float'
2025-05-31 12:25:42,385 - ERROR - Display update error: unsupported operand type(s) for *: 'NoneType' and 'float'
2025-05-31 12:25:43,385 - ERROR - Display update error: unsupported operand type(s) for *: 'NoneType' and 'float'
2025-05-31 12:25:44,386 - ERROR - Display update error: unsupported operand type(s) for *: 'NoneType' and 'float'
2025-05-31 12:25:45,386 - ERROR - Display update error: unsupported operand type(s) for *: 'NoneType' and 'float'
2025-05-31 12:25:46,389 - ERROR - Display update error: unsupported operand type(s) for *: 'NoneType' and 'float'
2025-05-31 12:25:47,390 - ERROR - Display update error: unsupported operand type(s) for *: 'NoneType' and 'float'
2025-05-31 12:25:47,394 - ERROR - Wind speed sensor error: Modbus Error: [Input/Output] No response received after 3 retries, continue with next request
2025-05-31 12:25:47,394 - INFO - Wind Speed: 0.0 m/s
2025-05-31 12:25:48,390 - ERROR - Display update error: unsupported operand type(s) for *: 'NoneType' and 'float'
2025-05-31 12:25:49,391 - ERROR - Display update error: unsupported operand type(s) for *: 'NoneType' and 'float'
2025-05-31 12:25:50,391 - ERROR - Display update error: unsupported operand type(s) for *: 'NoneType' and 'float'
2025-05-31 12:25:51,392 - ERROR - Display update error: unsupported operand type(s) for *: 'NoneType' and 'float'
2025-05-31 12:25:52,392 - ERROR - Display update error: unsupported operand type(s) for *: 'NoneType' and 'float'
2025-05-31 12:25:53,393 - ERROR - Display update error: unsupported operand type(s) for *: 'NoneType' and 'float'
2025-05-31 12:25:54,393 - ERROR - Display update error: unsupported operand type(s) for *: 'NoneType' and 'float'
2025-05-31 12:25:55,393 - ERROR - Display update error: unsupported operand type(s) for *: 'NoneType' and 'float'
2025-05-31 12:25:55,404 - ERROR - Wind direction sensor error: Modbus Error: [Input/Output] No response received after 3 retries, continue with next request
2025-05-31 12:25:56,394 - ERROR - Display update error: unsupported operand type(s) for *: 'NoneType' and 'float'
2025-05-31 12:25:57,394 - ERROR - Display update error: unsupported operand type(s) for *: 'NoneType' and 'float'
2025-05-31 12:25:58,395 - ERROR - Display update error: unsupported operand type(s) for *: 'NoneType' and 'float'
2025-05-31 12:25:59,395 - ERROR - Display update error: unsupported operand type(s) for *: 'NoneType' and 'float'
2025-05-31 12:26:00,396 - ERROR - Display update error: unsupported operand type(s) for *: 'NoneType' and 'float'
2025-05-31 12:26:01,396 - ERROR - Display update error: unsupported operand type(s) for *: 'NoneType' and 'float'
2025-05-31 12:26:02,397 - ERROR - Display update error: unsupported operand type(s) for *: 'NoneType' and 'float'
2025-05-31 12:26:03,397 - ERROR - Display update error: unsupported operand type(s) for *: 'NoneType' and 'float'
2025-05-31 12:26:03,410 - ERROR - Rainfall sensor error: Modbus Error: [Input/Output] No response received after 3 retries, continue with next request
2025-05-31 12:26:09,881 - INFO - Shutting down weather station system
2025-05-31 12:26:11,883 - ERROR - Environment sensor error: [Errno 9] Bad file descriptor
2025-05-31 12:26:11,883 - ERROR - UV sensor error: [Errno 9] Bad file descriptor
2025-05-31 12:26:11,883 - INFO - UV: 0.00
2025-05-31 12:27:29,751 - INFO - Weather Station System Initialized
2025-05-31 12:27:30,071 - ERROR - Display update error: unsupported operand type(s) for *: 'NoneType' and 'float'
2025-05-31 12:27:31,072 - ERROR - Display update error: unsupported operand type(s) for *: 'NoneType' and 'float'
2025-05-31 12:27:32,072 - ERROR - Display update error: unsupported operand type(s) for *: 'NoneType' and 'float'
2025-05-31 12:27:33,072 - ERROR - Display update error: unsupported operand type(s) for *: 'NoneType' and 'float'
2025-05-31 12:27:34,073 - ERROR - Display update error: unsupported operand type(s) for *: 'NoneType' and 'float'
2025-05-31 12:27:35,073 - ERROR - Display update error: unsupported operand type(s) for *: 'NoneType' and 'float'
2025-05-31 12:27:36,073 - ERROR - Display update error: unsupported operand type(s) for *: 'NoneType' and 'float'
2025-05-31 12:27:37,074 - ERROR - Display update error: unsupported operand type(s) for *: 'NoneType' and 'float'
2025-05-31 12:27:38,074 - ERROR - Display update error: unsupported operand type(s) for *: 'NoneType' and 'float'
2025-05-31 12:27:38,077 - ERROR - Environment sensor error: Modbus Error: [Input/Output] No response received after 3 retries, continue with next request
2025-05-31 12:27:39,074 - ERROR - Display update error: unsupported operand type(s) for *: 'NoneType' and 'float'
2025-05-31 12:27:40,075 - ERROR - Display update error: unsupported operand type(s) for *: 'NoneType' and 'float'
2025-05-31 12:27:41,075 - ERROR - Display update error: unsupported operand type(s) for *: 'NoneType' and 'float'
2025-05-31 12:27:42,076 - ERROR - Display update error: unsupported operand type(s) for *: 'NoneType' and 'float'
2025-05-31 12:27:43,076 - ERROR - Display update error: unsupported operand type(s) for *: 'NoneType' and 'float'
2025-05-31 12:27:44,077 - ERROR - Display update error: unsupported operand type(s) for *: 'NoneType' and 'float'
2025-05-31 12:27:45,077 - ERROR - Display update error: unsupported operand type(s) for *: 'NoneType' and 'float'
2025-05-31 12:27:46,077 - ERROR - Display update error: unsupported operand type(s) for *: 'NoneType' and 'float'
2025-05-31 12:27:46,087 - ERROR - UV sensor error: Modbus Error: [Input/Output] No response received after 3 retries, continue with next request
2025-05-31 12:27:46,087 - INFO - UV: 0.00
2025-05-31 12:27:46,160 - ERROR - Error reading AQI data from CSV: Cannot subtract tz-naive and tz-aware datetime-like objects
2025-05-31 12:27:47,078 - ERROR - Display update error: unsupported operand type(s) for *: 'NoneType' and 'float'
2025-05-31 12:27:48,078 - ERROR - Display update error: unsupported operand type(s) for *: 'NoneType' and 'float'
2025-05-31 12:27:49,079 - ERROR - Display update error: unsupported operand type(s) for *: 'NoneType' and 'float'
2025-05-31 12:27:50,079 - ERROR - Display update error: unsupported operand type(s) for *: 'NoneType' and 'float'
2025-05-31 12:27:51,079 - ERROR - Display update error: unsupported operand type(s) for *: 'NoneType' and 'float'
2025-05-31 12:27:52,080 - ERROR - Display update error: unsupported operand type(s) for *: 'NoneType' and 'float'
2025-05-31 12:27:53,083 - ERROR - Display update error: unsupported operand type(s) for *: 'NoneType' and 'float'
2025-05-31 12:27:54,083 - ERROR - Display update error: unsupported operand type(s) for *: 'NoneType' and 'float'
2025-05-31 12:27:54,173 - ERROR - Wind speed sensor error: Modbus Error: [Input/Output] No response received after 3 retries, continue with next request
2025-05-31 12:27:54,173 - INFO - Wind Speed: 0.0 m/s
2025-05-31 12:27:55,083 - ERROR - Display update error: unsupported operand type(s) for *: 'NoneType' and 'float'
2025-05-31 12:27:56,084 - ERROR - Display update error: unsupported operand type(s) for *: 'NoneType' and 'float'
2025-05-31 12:27:57,084 - ERROR - Display update error: unsupported operand type(s) for *: 'NoneType' and 'float'
2025-05-31 12:27:58,084 - ERROR - Display update error: unsupported operand type(s) for *: 'NoneType' and 'float'
2025-05-31 12:27:59,085 - ERROR - Display update error: unsupported operand type(s) for *: 'NoneType' and 'float'
2025-05-31 12:28:00,085 - ERROR - Display update error: unsupported operand type(s) for *: 'NoneType' and 'float'
2025-05-31 12:28:01,085 - ERROR - Display update error: unsupported operand type(s) for *: 'NoneType' and 'float'
2025-05-31 12:28:02,086 - ERROR - Display update error: unsupported operand type(s) for *: 'NoneType' and 'float'
2025-05-31 12:28:02,183 - ERROR - Wind direction sensor error: Modbus Error: [Input/Output] No response received after 3 retries, continue with next request
2025-05-31 12:28:03,086 - ERROR - Display update error: unsupported operand type(s) for *: 'NoneType' and 'float'
2025-05-31 12:28:04,086 - ERROR - Display update error: unsupported operand type(s) for *: 'NoneType' and 'float'
2025-05-31 12:28:05,087 - ERROR - Display update error: unsupported operand type(s) for *: 'NoneType' and 'float'
2025-05-31 12:28:06,087 - ERROR - Display update error: unsupported operand type(s) for *: 'NoneType' and 'float'
2025-05-31 12:28:07,088 - ERROR - Display update error: unsupported operand type(s) for *: 'NoneType' and 'float'
2025-05-31 12:28:08,088 - ERROR - Display update error: unsupported operand type(s) for *: 'NoneType' and 'float'
2025-05-31 12:28:09,088 - ERROR - Display update error: unsupported operand type(s) for *: 'NoneType' and 'float'
2025-05-31 12:28:10,089 - ERROR - Display update error: unsupported operand type(s) for *: 'NoneType' and 'float'
2025-05-31 12:28:10,191 - ERROR - Rainfall sensor error: Modbus Error: [Input/Output] No response received after 3 retries, continue with next request
2025-05-31 12:28:16,279 - INFO - Shutting down weather station system
2025-05-31 12:28:18,281 - ERROR - Environment sensor error: [Errno 9] Bad file descriptor
2025-05-31 12:28:18,281 - ERROR - UV sensor error: [Errno 9] Bad file descriptor
2025-05-31 12:28:18,281 - INFO - UV: 0.00
2025-05-31 12:54:27,910 - INFO - Weather Station System Initialized
2025-05-31 12:54:28,538 - ERROR - Display update error: unsupported operand type(s) for *: 'NoneType' and 'float'
2025-05-31 12:54:29,539 - ERROR - Display update error: unsupported operand type(s) for *: 'NoneType' and 'float'
2025-05-31 12:54:30,539 - ERROR - Display update error: unsupported operand type(s) for *: 'NoneType' and 'float'
2025-05-31 12:54:31,539 - ERROR - Display update error: unsupported operand type(s) for *: 'NoneType' and 'float'
2025-05-31 12:54:32,540 - ERROR - Display update error: unsupported operand type(s) for *: 'NoneType' and 'float'
2025-05-31 12:54:33,540 - ERROR - Display update error: unsupported operand type(s) for *: 'NoneType' and 'float'
2025-05-31 12:54:34,540 - ERROR - Display update error: unsupported operand type(s) for *: 'NoneType' and 'float'
2025-05-31 12:54:35,541 - ERROR - Display update error: unsupported operand type(s) for *: 'NoneType' and 'float'
2025-05-31 12:54:36,541 - ERROR - Display update error: unsupported operand type(s) for *: 'NoneType' and 'float'
2025-05-31 12:54:36,549 - ERROR - Environment sensor error: Modbus Error: [Input/Output] No response received after 3 retries, continue with next request
2025-05-31 12:54:37,541 - ERROR - Display update error: unsupported operand type(s) for *: 'NoneType' and 'float'
2025-05-31 12:54:38,542 - ERROR - Display update error: unsupported operand type(s) for *: 'NoneType' and 'float'
2025-05-31 12:54:39,542 - ERROR - Display update error: unsupported operand type(s) for *: 'NoneType' and 'float'
2025-05-31 12:54:40,542 - ERROR - Display update error: unsupported operand type(s) for *: 'NoneType' and 'float'
2025-05-31 12:54:41,543 - ERROR - Display update error: unsupported operand type(s) for *: 'NoneType' and 'float'
2025-05-31 12:54:42,543 - ERROR - Display update error: unsupported operand type(s) for *: 'NoneType' and 'float'
2025-05-31 12:54:43,543 - ERROR - Display update error: unsupported operand type(s) for *: 'NoneType' and 'float'
2025-05-31 12:54:44,544 - ERROR - Display update error: unsupported operand type(s) for *: 'NoneType' and 'float'
2025-05-31 12:54:44,558 - ERROR - UV sensor error: Modbus Error: [Input/Output] No response received after 3 retries, continue with next request
2025-05-31 12:54:44,558 - INFO - UV: 0.00
2025-05-31 12:54:44,642 - ERROR - Error reading AQI data from CSV: Cannot subtract tz-naive and tz-aware datetime-like objects
2025-05-31 12:54:45,544 - ERROR - Display update error: unsupported operand type(s) for *: 'NoneType' and 'float'
2025-05-31 12:54:46,544 - ERROR - Display update error: unsupported operand type(s) for *: 'NoneType' and 'float'
2025-05-31 12:54:47,544 - ERROR - Display update error: unsupported operand type(s) for *: 'NoneType' and 'float'
2025-05-31 12:54:48,545 - ERROR - Display update error: unsupported operand type(s) for *: 'NoneType' and 'float'
2025-05-31 12:54:49,545 - ERROR - Display update error: unsupported operand type(s) for *: 'NoneType' and 'float'
2025-05-31 12:54:50,545 - ERROR - Display update error: unsupported operand type(s) for *: 'NoneType' and 'float'
2025-05-31 12:54:51,546 - ERROR - Display update error: unsupported operand type(s) for *: 'NoneType' and 'float'
2025-05-31 12:54:52,546 - ERROR - Display update error: unsupported operand type(s) for *: 'NoneType' and 'float'
2025-05-31 12:54:52,656 - ERROR - Wind speed sensor error: Modbus Error: [Input/Output] No response received after 3 retries, continue with next request
2025-05-31 12:54:52,656 - INFO - Wind Speed: 0.0 m/s
2025-05-31 12:54:53,546 - ERROR - Display update error: unsupported operand type(s) for *: 'NoneType' and 'float'
2025-05-31 12:54:54,546 - ERROR - Display update error: unsupported operand type(s) for *: 'NoneType' and 'float'
2025-05-31 12:54:55,547 - ERROR - Display update error: unsupported operand type(s) for *: 'NoneType' and 'float'
2025-05-31 12:54:56,547 - ERROR - Display update error: unsupported operand type(s) for *: 'NoneType' and 'float'
2025-05-31 12:54:57,547 - ERROR - Display update error: unsupported operand type(s) for *: 'NoneType' and 'float'
2025-05-31 12:54:58,548 - ERROR - Display update error: unsupported operand type(s) for *: 'NoneType' and 'float'
2025-05-31 12:54:59,548 - ERROR - Display update error: unsupported operand type(s) for *: 'NoneType' and 'float'
2025-05-31 12:55:00,549 - ERROR - Display update error: unsupported operand type(s) for *: 'NoneType' and 'float'
2025-05-31 12:55:00,663 - ERROR - Wind direction sensor error: Modbus Error: [Input/Output] No response received after 3 retries, continue with next request
2025-05-31 12:55:01,549 - ERROR - Display update error: unsupported operand type(s) for *: 'NoneType' and 'float'
2025-05-31 12:55:02,549 - ERROR - Display update error: unsupported operand type(s) for *: 'NoneType' and 'float'
2025-05-31 12:55:03,550 - ERROR - Display update error: unsupported operand type(s) for *: 'NoneType' and 'float'
2025-05-31 12:55:04,550 - ERROR - Display update error: unsupported operand type(s) for *: 'NoneType' and 'float'
2025-05-31 12:55:05,550 - ERROR - Display update error: unsupported operand type(s) for *: 'NoneType' and 'float'
2025-05-31 12:55:06,551 - ERROR - Display update error: unsupported operand type(s) for *: 'NoneType' and 'float'
2025-05-31 12:55:07,551 - ERROR - Display update error: unsupported operand type(s) for *: 'NoneType' and 'float'
2025-05-31 12:55:08,551 - ERROR - Display update error: unsupported operand type(s) for *: 'NoneType' and 'float'
2025-05-31 12:55:08,675 - ERROR - Rainfall sensor error: Modbus Error: [Input/Output] No response received after 3 retries, continue with next request
2025-05-31 12:55:17,680 - ERROR - Environment sensor error: Modbus Error: [Input/Output] No response received after 3 retries, continue with next request
2025-05-31 12:55:25,686 - ERROR - UV sensor error: Modbus Error: [Input/Output] No response received after 3 retries, continue with next request
2025-05-31 12:55:25,686 - INFO - UV: 0.00
2025-05-31 12:55:25,752 - ERROR - Error reading AQI data from CSV: Cannot subtract tz-naive and tz-aware datetime-like objects
2025-05-31 12:55:33,759 - ERROR - Wind speed sensor error: Modbus Error: [Input/Output] ERROR: No response received of the last requests (default: retries+3), CLOSING CONNECTION.
2025-05-31 12:55:33,760 - INFO - Wind Speed: 0.0 m/s
2025-05-31 12:55:41,771 - ERROR - Wind direction sensor error: Modbus Error: [Input/Output] ERROR: No response received of the last requests (default: retries+3), CLOSING CONNECTION.
2025-05-31 12:55:49,780 - ERROR - Rainfall sensor error: Modbus Error: [Input/Output] ERROR: No response received of the last requests (default: retries+3), CLOSING CONNECTION.
2025-05-31 12:55:55,695 - INFO - Shutting down weather station system
2025-05-31 12:55:57,696 - ERROR - Environment sensor error: [Errno 9] Bad file descriptor
2025-05-31 12:55:57,696 - ERROR - UV sensor error: [Errno 9] Bad file descriptor
2025-05-31 12:55:57,696 - INFO - UV: 0.00
2025-05-31 14:55:27,079 - INFO - Weather Station System Initialized
2025-05-31 14:55:27,580 - ERROR - Display update error: unsupported operand type(s) for *: 'NoneType' and 'float'
2025-05-31 14:55:27,612 - INFO - Env: 30.0C, 48.0%, 1004.4hPa
2025-05-31 14:55:28,754 - ERROR - Display update error: unsupported operand type(s) for *: 'NoneType' and 'float'
2025-05-31 14:55:29,657 - INFO - UV: 0.00
2025-05-31 14:55:29,719 - ERROR - Error reading AQI data from CSV: Cannot subtract tz-naive and tz-aware datetime-like objects
2025-05-31 14:55:29,749 - INFO - Wind Speed: 0.6 m/s
2025-05-31 14:55:29,754 - ERROR - Display update error: unsupported operand type(s) for *: 'NoneType' and 'float'
2025-05-31 14:55:29,783 - INFO - Wind Direction: 314 (NW)
2025-05-31 14:55:29,813 - INFO - Raw Rainfall Reading: 0.0 mm
2025-05-31 14:55:30,848 - INFO - Env: 30.0C, 48.0%, 1004.5hPa
2025-05-31 14:55:32,894 - INFO - UV: 0.00
2025-05-31 14:55:32,975 - ERROR - Error reading AQI data from CSV: Cannot subtract tz-naive and tz-aware datetime-like objects
2025-05-31 14:55:33,006 - INFO - Wind Speed: 0.6 m/s
2025-05-31 14:55:33,040 - INFO - Wind Direction: 329 (NNW)
2025-05-31 14:55:33,094 - INFO - Raw Rainfall Reading: 0.0 mm
2025-05-31 14:55:34,129 - INFO - Env: 30.0C, 48.0%, 1004.5hPa
2025-05-31 14:55:36,174 - INFO - UV: 0.00
2025-05-31 14:55:36,236 - ERROR - Error reading AQI data from CSV: Cannot subtract tz-naive and tz-aware datetime-like objects
2025-05-31 14:55:36,266 - INFO - Wind Speed: 0.5 m/s
2025-05-31 14:55:36,300 - INFO - Wind Direction: 322 (NW)
2025-05-31 14:55:36,330 - INFO - Raw Rainfall Reading: 0.0 mm
2025-05-31 14:55:36,939 - INFO - Shutting down weather station system
2025-05-31 15:12:09,929 - INFO - Weather Station System Initialized
2025-05-31 15:12:10,298 - ERROR - Display update error: unsupported operand type(s) for *: 'NoneType' and 'float'
2025-05-31 15:12:10,329 - INFO - Env: 29.8C, 48.0%, 1004.5hPa
2025-05-31 15:12:11,298 - ERROR - Display update error: unsupported operand type(s) for *: 'NoneType' and 'float'
2025-05-31 15:12:12,299 - ERROR - Display update error: unsupported operand type(s) for *: 'NoneType' and 'float'
2025-05-31 15:12:12,373 - INFO - UV: 0.05
2025-05-31 15:12:12,441 - INFO - AQI Sensor Data: {'co2': nan, 'pm2_5': 32.6, 'pm10': 180.7, 'carbon_monoxide': 208.0, 'nitrogen_dioxide': 6.6, 'sulphur_dioxide': 8.6, 'ozone': 116.0}
2025-05-31 15:12:12,471 - INFO - Wind Speed: 0.5 m/s
2025-05-31 15:12:12,505 - INFO - Wind Direction: 308 (NW)
2025-05-31 15:12:12,535 - INFO - Raw Rainfall Reading: 0.0 mm
2025-05-31 15:12:13,300 - ERROR - Display update error: 'WeatherStationSystem' object has no attribute 'calculate_aqi'
2025-05-31 15:12:13,570 - INFO - Env: 29.8C, 48.0%, 1004.4hPa
2025-05-31 15:12:14,300 - ERROR - Display update error: 'WeatherStationSystem' object has no attribute 'calculate_aqi'
2025-05-31 15:12:15,300 - ERROR - Display update error: 'WeatherStationSystem' object has no attribute 'calculate_aqi'
2025-05-31 15:12:15,615 - INFO - UV: 0.00
2025-05-31 15:12:15,665 - INFO - AQI Sensor Data: {'co2': nan, 'pm2_5': 32.6, 'pm10': 180.7, 'carbon_monoxide': 208.0, 'nitrogen_dioxide': 6.6, 'sulphur_dioxide': 8.6, 'ozone': 116.0}
2025-05-31 15:12:15,695 - INFO - Wind Speed: 0.5 m/s
2025-05-31 15:12:15,729 - INFO - Wind Direction: 336 (NNW)
2025-05-31 15:12:15,758 - INFO - Raw Rainfall Reading: 0.0 mm
2025-05-31 15:12:16,301 - ERROR - Display update error: 'WeatherStationSystem' object has no attribute 'calculate_aqi'
2025-05-31 15:12:16,793 - INFO - Env: 29.8C, 48.0%, 1004.4hPa
2025-05-31 15:12:17,301 - ERROR - Display update error: 'WeatherStationSystem' object has no attribute 'calculate_aqi'
2025-05-31 15:12:18,302 - ERROR - Display update error: 'WeatherStationSystem' object has no attribute 'calculate_aqi'
2025-05-31 15:12:18,838 - INFO - UV: 0.05
2025-05-31 15:12:18,882 - INFO - AQI Sensor Data: {'co2': nan, 'pm2_5': 32.6, 'pm10': 180.7, 'carbon_monoxide': 208.0, 'nitrogen_dioxide': 6.6, 'sulphur_dioxide': 8.6, 'ozone': 116.0}
2025-05-31 15:12:18,912 - INFO - Wind Speed: 0.4 m/s
2025-05-31 15:12:18,946 - INFO - Wind Direction: 326 (NW)
2025-05-31 15:12:18,976 - INFO - Raw Rainfall Reading: 0.0 mm
2025-05-31 15:12:19,302 - ERROR - Display update error: 'WeatherStationSystem' object has no attribute 'calculate_aqi'
2025-05-31 15:12:20,010 - INFO - Env: 29.8C, 48.1%, 1004.4hPa
2025-05-31 15:12:20,303 - ERROR - Display update error: 'WeatherStationSystem' object has no attribute 'calculate_aqi'
2025-05-31 15:12:21,303 - ERROR - Display update error: 'WeatherStationSystem' object has no attribute 'calculate_aqi'
2025-05-31 15:12:22,055 - INFO - UV: 0.00
2025-05-31 15:12:22,099 - INFO - AQI Sensor Data: {'co2': nan, 'pm2_5': 32.6, 'pm10': 180.7, 'carbon_monoxide': 208.0, 'nitrogen_dioxide': 6.6, 'sulphur_dioxide': 8.6, 'ozone': 116.0}
2025-05-31 15:12:22,129 - INFO - Wind Speed: 0.4 m/s
2025-05-31 15:12:22,163 - INFO - Wind Direction: 305 (NW)
2025-05-31 15:12:22,192 - INFO - Raw Rainfall Reading: 0.0 mm
2025-05-31 15:12:22,304 - ERROR - Display update error: 'WeatherStationSystem' object has no attribute 'calculate_aqi'
2025-05-31 15:12:23,227 - INFO - Env: 29.8C, 48.0%, 1004.4hPa
2025-05-31 15:12:23,305 - ERROR - Display update error: 'WeatherStationSystem' object has no attribute 'calculate_aqi'
2025-05-31 15:12:24,306 - ERROR - Display update error: 'WeatherStationSystem' object has no attribute 'calculate_aqi'
2025-05-31 15:12:25,270 - INFO - UV: 0.00
2025-05-31 15:12:25,331 - ERROR - Display update error: 'WeatherStationSystem' object has no attribute 'calculate_aqi'
2025-05-31 15:12:25,331 - INFO - AQI Sensor Data: {'co2': nan, 'pm2_5': 32.6, 'pm10': 180.7, 'carbon_monoxide': 208.0, 'nitrogen_dioxide': 6.6, 'sulphur_dioxide': 8.6, 'ozone': 116.0}
2025-05-31 15:12:25,362 - INFO - Wind Speed: 0.4 m/s
2025-05-31 15:12:25,396 - INFO - Wind Direction: 339 (NNW)
2025-05-31 15:12:25,426 - INFO - Raw Rainfall Reading: 0.0 mm
2025-05-31 15:12:26,332 - ERROR - Display update error: 'WeatherStationSystem' object has no attribute 'calculate_aqi'
2025-05-31 15:12:26,459 - INFO - Env: 29.8C, 48.1%, 1004.4hPa
2025-05-31 15:12:27,333 - ERROR - Display update error: 'WeatherStationSystem' object has no attribute 'calculate_aqi'
2025-05-31 15:12:28,333 - ERROR - Display update error: 'WeatherStationSystem' object has no attribute 'calculate_aqi'
2025-05-31 15:12:28,505 - INFO - UV: 0.00
2025-05-31 15:12:28,552 - INFO - AQI Sensor Data: {'co2': nan, 'pm2_5': 32.6, 'pm10': 180.7, 'carbon_monoxide': 208.0, 'nitrogen_dioxide': 6.6, 'sulphur_dioxide': 8.6, 'ozone': 116.0}
2025-05-31 15:12:28,582 - INFO - Wind Speed: 0.4 m/s
2025-05-31 15:12:28,616 - INFO - Wind Direction: 324 (NW)
2025-05-31 15:12:28,646 - INFO - Raw Rainfall Reading: 0.0 mm
2025-05-31 15:12:29,016 - INFO - Shutting down weather station system
2025-05-31 15:15:04,263 - INFO - Weather Station System Initialized
2025-05-31 15:15:04,793 - ERROR - Display update error: unsupported operand type(s) for *: 'NoneType' and 'float'
2025-05-31 15:15:04,829 - INFO - Env: 29.9C, 49.8%, 1004.4hPa
2025-05-31 15:15:05,859 - ERROR - Display update error: unsupported operand type(s) for *: 'NoneType' and 'float'
2025-05-31 15:15:06,860 - ERROR - Display update error: unsupported operand type(s) for *: 'NoneType' and 'float'
2025-05-31 15:15:06,875 - INFO - UV: 0.00
2025-05-31 15:15:06,922 - INFO - AQI Sensor Data: {'co2': nan, 'pm2_5': 32.6, 'pm10': 180.7, 'carbon_monoxide': 208.0, 'nitrogen_dioxide': 6.6, 'sulphur_dioxide': 8.6, 'ozone': 116.0}
2025-05-31 15:15:06,953 - INFO - Wind Speed: 0.7 m/s
2025-05-31 15:15:06,987 - INFO - Wind Direction: 324 (NW)
2025-05-31 15:15:07,017 - INFO - Raw Rainfall Reading: 0.0 mm
2025-05-31 15:15:07,861 - ERROR - Display update error: 'WeatherStationSystem' object has no attribute 'calculate_aqi'
2025-05-31 15:15:08,051 - INFO - Env: 29.9C, 49.8%, 1004.4hPa
2025-05-31 15:15:08,861 - ERROR - Display update error: 'WeatherStationSystem' object has no attribute 'calculate_aqi'
2025-05-31 15:15:09,862 - ERROR - Display update error: 'WeatherStationSystem' object has no attribute 'calculate_aqi'
2025-05-31 15:15:10,104 - INFO - UV: 0.00
2025-05-31 15:15:10,182 - INFO - AQI Sensor Data: {'co2': nan, 'pm2_5': 32.6, 'pm10': 180.7, 'carbon_monoxide': 208.0, 'nitrogen_dioxide': 6.6, 'sulphur_dioxide': 8.6, 'ozone': 116.0}
2025-05-31 15:15:10,212 - INFO - Wind Speed: 0.6 m/s
2025-05-31 15:15:10,247 - INFO - Wind Direction: 332 (NNW)
2025-05-31 15:15:10,277 - INFO - Raw Rainfall Reading: 0.0 mm
2025-05-31 15:15:10,864 - ERROR - Display update error: 'WeatherStationSystem' object has no attribute 'calculate_aqi'
2025-05-31 15:15:11,312 - INFO - Env: 29.9C, 49.8%, 1004.5hPa
2025-05-31 15:15:11,864 - ERROR - Display update error: 'WeatherStationSystem' object has no attribute 'calculate_aqi'
2025-05-31 15:15:12,865 - ERROR - Display update error: 'WeatherStationSystem' object has no attribute 'calculate_aqi'
2025-05-31 15:15:13,357 - INFO - UV: 0.00
2025-05-31 15:15:13,420 - INFO - AQI Sensor Data: {'co2': nan, 'pm2_5': 32.6, 'pm10': 180.7, 'carbon_monoxide': 208.0, 'nitrogen_dioxide': 6.6, 'sulphur_dioxide': 8.6, 'ozone': 116.0}
2025-05-31 15:15:13,450 - INFO - Wind Speed: 0.6 m/s
2025-05-31 15:15:13,484 - INFO - Wind Direction: 315 (NW)
2025-05-31 15:15:13,514 - INFO - Raw Rainfall Reading: 0.0 mm
2025-05-31 15:15:13,865 - ERROR - Display update error: 'WeatherStationSystem' object has no attribute 'calculate_aqi'
2025-05-31 15:15:14,548 - INFO - Env: 29.9C, 49.8%, 1004.5hPa
2025-05-31 15:15:14,866 - ERROR - Display update error: 'WeatherStationSystem' object has no attribute 'calculate_aqi'
2025-05-31 15:15:15,867 - ERROR - Display update error: 'WeatherStationSystem' object has no attribute 'calculate_aqi'
2025-05-31 15:15:16,593 - INFO - UV: 0.00
2025-05-31 15:15:16,637 - INFO - AQI Sensor Data: {'co2': nan, 'pm2_5': 32.6, 'pm10': 180.7, 'carbon_monoxide': 208.0, 'nitrogen_dioxide': 6.6, 'sulphur_dioxide': 8.6, 'ozone': 116.0}
2025-05-31 15:15:16,667 - INFO - Wind Speed: 0.6 m/s
2025-05-31 15:15:16,702 - INFO - Wind Direction: 314 (NW)
2025-05-31 15:15:16,732 - INFO - Raw Rainfall Reading: 0.0 mm
2025-05-31 15:15:16,867 - ERROR - Display update error: 'WeatherStationSystem' object has no attribute 'calculate_aqi'
2025-05-31 15:15:17,766 - INFO - Env: 29.9C, 49.8%, 1004.5hPa
2025-05-31 15:15:17,868 - ERROR - Display update error: 'WeatherStationSystem' object has no attribute 'calculate_aqi'
2025-05-31 15:15:17,993 - INFO - Shutting down weather station system
2025-05-31 15:15:19,818 - INFO - UV: 0.00
2025-05-31 15:15:19,877 - INFO - AQI Sensor Data: {'co2': nan, 'pm2_5': 32.6, 'pm10': 180.7, 'carbon_monoxide': 208.0, 'nitrogen_dioxide': 6.6, 'sulphur_dioxide': 8.6, 'ozone': 116.0}
2025-05-31 15:15:19,907 - INFO - Wind Speed: 0.6 m/s
2025-05-31 15:15:19,941 - INFO - Wind Direction: 329 (NNW)
2025-05-31 15:15:19,971 - INFO - Raw Rainfall Reading: 0.0 mm
2025-05-31 15:21:02,272 - INFO - Weather Station System Initialized
2025-05-31 15:21:02,879 - ERROR - Display update error: unsupported operand type(s) for *: 'NoneType' and 'float'
2025-05-31 15:25:30,806 - INFO - Weather Station System Initialized
2025-05-31 15:25:31,302 - ERROR - Display update error: unsupported operand type(s) for *: 'NoneType' and 'float'
2025-05-31 15:25:31,333 - INFO - Env: 30.0C, 48.0%, 1004.4hPa
2025-05-31 15:25:32,302 - ERROR - Display update error: unsupported operand type(s) for *: 'NoneType' and 'float'
2025-05-31 15:25:33,302 - ERROR - Display update error: unsupported operand type(s) for *: 'NoneType' and 'float'
2025-05-31 15:25:33,379 - INFO - UV: 0.00
2025-05-31 15:25:33,428 - INFO - AQI Sensor Data: {'co2': nan, 'pm2_5': 32.6, 'pm10': 180.7, 'carbon_monoxide': 208.0, 'nitrogen_dioxide': 6.6, 'sulphur_dioxide': 8.6, 'ozone': 116.0}
2025-05-31 15:25:33,458 - INFO - Wind Speed: 0.5 m/s
2025-05-31 15:25:33,492 - INFO - Wind Direction: 332 (NNW)
2025-05-31 15:25:33,522 - INFO - Raw Rainfall Reading: 0.0 mm
2025-05-31 15:25:34,557 - INFO - Env: 30.0C, 48.0%, 1004.3hPa
2025-05-31 15:25:36,601 - INFO - UV: 0.00
2025-05-31 15:25:36,647 - INFO - AQI Sensor Data: {'co2': nan, 'pm2_5': 32.6, 'pm10': 180.7, 'carbon_monoxide': 208.0, 'nitrogen_dioxide': 6.6, 'sulphur_dioxide': 8.6, 'ozone': 116.0}
2025-05-31 15:25:36,677 - INFO - Wind Speed: 0.5 m/s
2025-05-31 15:25:36,712 - INFO - Wind Direction: 318 (NW)
2025-05-31 15:25:36,742 - INFO - Raw Rainfall Reading: 0.0 mm
2025-05-31 15:25:37,776 - INFO - Env: 30.0C, 48.0%, 1004.3hPa
2025-05-31 15:25:39,821 - INFO - UV: 0.00
2025-05-31 15:25:39,866 - INFO - AQI Sensor Data: {'co2': nan, 'pm2_5': 32.6, 'pm10': 180.7, 'carbon_monoxide': 208.0, 'nitrogen_dioxide': 6.6, 'sulphur_dioxide': 8.6, 'ozone': 116.0}
2025-05-31 15:25:39,896 - INFO - Wind Speed: 0.5 m/s
2025-05-31 15:25:39,930 - INFO - Wind Direction: 318 (NW)
2025-05-31 15:25:39,960 - INFO - Raw Rainfall Reading: 0.0 mm
2025-05-31 15:25:40,991 - INFO - Env: 30.0C, 47.9%, 1004.3hPa
2025-05-31 15:25:43,036 - INFO - UV: 0.00
2025-05-31 15:25:43,087 - INFO - AQI Sensor Data: {'co2': nan, 'pm2_5': 32.6, 'pm10': 180.7, 'carbon_monoxide': 208.0, 'nitrogen_dioxide': 6.6, 'sulphur_dioxide': 8.6, 'ozone': 116.0}
2025-05-31 15:25:43,117 - INFO - Wind Speed: 0.5 m/s
2025-05-31 15:25:43,152 - INFO - Wind Direction: 326 (NW)
2025-05-31 15:25:43,182 - INFO - Raw Rainfall Reading: 0.0 mm
2025-05-31 15:25:44,216 - INFO - Env: 30.0C, 47.9%, 1004.4hPa
2025-05-31 15:25:46,260 - INFO - UV: 0.00
2025-05-31 15:25:46,332 - INFO - AQI Sensor Data: {'co2': nan, 'pm2_5': 32.6, 'pm10': 180.7, 'carbon_monoxide': 208.0, 'nitrogen_dioxide': 6.6, 'sulphur_dioxide': 8.6, 'ozone': 116.0}
2025-05-31 15:25:46,363 - INFO - Wind Speed: 0.6 m/s
2025-05-31 15:25:46,398 - INFO - Wind Direction: 320 (NW)
2025-05-31 15:25:46,428 - INFO - Raw Rainfall Reading: 0.0 mm
2025-05-31 15:25:47,476 - INFO - Env: 30.0C, 47.9%, 1004.4hPa
2025-05-31 15:25:47,520 - INFO - UV: 0.00
2025-05-31 15:25:47,623 - INFO - AQI Sensor Data: {'co2': nan, 'pm2_5': 32.6, 'pm10': 180.7, 'carbon_monoxide': 208.0, 'nitrogen_dioxide': 6.6, 'sulphur_dioxide': 8.6, 'ozone': 116.0}
2025-05-31 15:25:47,650 - INFO - Wind Speed: 0.6 m/s
2025-05-31 15:25:47,689 - INFO - Wind Direction: 317 (NW)
2025-05-31 15:25:47,717 - INFO - Raw Rainfall Reading: 0.0 mm
2025-05-31 15:25:48,753 - INFO - Env: 30.0C, 47.9%, 1004.4hPa
2025-05-31 15:25:50,801 - INFO - UV: 0.00
2025-05-31 15:25:50,872 - INFO - AQI Sensor Data: {'co2': nan, 'pm2_5': 32.6, 'pm10': 180.7, 'carbon_monoxide': 208.0, 'nitrogen_dioxide': 6.6, 'sulphur_dioxide': 8.6, 'ozone': 116.0}
2025-05-31 15:25:50,903 - INFO - Wind Speed: 0.6 m/s
2025-05-31 15:25:50,937 - INFO - Wind Direction: 321 (NW)
2025-05-31 15:25:50,968 - INFO - Raw Rainfall Reading: 0.0 mm
2025-05-31 15:25:52,002 - INFO - Env: 30.0C, 47.9%, 1004.4hPa
2025-05-31 15:25:54,046 - INFO - UV: 0.00
2025-05-31 15:25:54,093 - INFO - AQI Sensor Data: {'co2': nan, 'pm2_5': 32.6, 'pm10': 180.7, 'carbon_monoxide': 208.0, 'nitrogen_dioxide': 6.6, 'sulphur_dioxide': 8.6, 'ozone': 116.0}
2025-05-31 15:25:54,123 - INFO - Wind Speed: 0.6 m/s
2025-05-31 15:25:54,157 - INFO - Wind Direction: 324 (NW)
2025-05-31 15:25:54,187 - INFO - Raw Rainfall Reading: 0.0 mm
2025-05-31 15:25:55,222 - INFO - Env: 30.0C, 47.9%, 1004.4hPa
2025-05-31 15:25:57,269 - INFO - UV: 0.00
2025-05-31 15:25:57,316 - INFO - AQI Sensor Data: {'co2': nan, 'pm2_5': 32.6, 'pm10': 180.7, 'carbon_monoxide': 208.0, 'nitrogen_dioxide': 6.6, 'sulphur_dioxide': 8.6, 'ozone': 116.0}
2025-05-31 15:25:57,345 - INFO - Wind Speed: 0.6 m/s
2025-05-31 15:25:57,380 - INFO - Wind Direction: 316 (NW)
2025-05-31 15:25:57,411 - INFO - Raw Rainfall Reading: 0.0 mm
2025-05-31 15:25:58,447 - INFO - Env: 30.0C, 48.0%, 1004.3hPa
2025-05-31 15:26:00,492 - INFO - UV: 0.00
2025-05-31 15:26:00,539 - INFO - AQI Sensor Data: {'co2': nan, 'pm2_5': 32.6, 'pm10': 180.7, 'carbon_monoxide': 208.0, 'nitrogen_dioxide': 6.6, 'sulphur_dioxide': 8.6, 'ozone': 116.0}
2025-05-31 15:26:00,570 - INFO - Wind Speed: 0.5 m/s
2025-05-31 15:26:00,604 - INFO - Wind Direction: 318 (NW)
2025-05-31 15:26:00,634 - INFO - Raw Rainfall Reading: 0.0 mm
2025-05-31 15:26:01,668 - INFO - Env: 30.0C, 47.9%, 1004.3hPa
2025-05-31 15:26:03,714 - INFO - UV: 0.00
2025-05-31 15:26:03,758 - INFO - AQI Sensor Data: {'co2': nan, 'pm2_5': 32.6, 'pm10': 180.7, 'carbon_monoxide': 208.0, 'nitrogen_dioxide': 6.6, 'sulphur_dioxide': 8.6, 'ozone': 116.0}
2025-05-31 15:26:03,788 - INFO - Wind Speed: 0.5 m/s
2025-05-31 15:26:03,822 - INFO - Wind Direction: 324 (NW)
2025-05-31 15:26:03,852 - INFO - Raw Rainfall Reading: 0.0 mm
2025-05-31 15:26:04,886 - INFO - Env: 30.0C, 47.9%, 1004.4hPa
2025-05-31 15:26:06,931 - INFO - UV: 0.00
2025-05-31 15:26:06,991 - INFO - AQI Sensor Data: {'co2': nan, 'pm2_5': 32.6, 'pm10': 180.7, 'carbon_monoxide': 208.0, 'nitrogen_dioxide': 6.6, 'sulphur_dioxide': 8.6, 'ozone': 116.0}
2025-05-31 15:26:07,021 - INFO - Wind Speed: 0.5 m/s
2025-05-31 15:26:07,055 - INFO - Wind Direction: 325 (NW)
2025-05-31 15:26:07,085 - INFO - Raw Rainfall Reading: 0.0 mm
2025-05-31 15:26:08,120 - INFO - Env: 30.0C, 47.9%, 1004.3hPa
2025-05-31 15:26:10,163 - INFO - UV: 0.00
2025-05-31 15:26:10,208 - INFO - AQI Sensor Data: {'co2': nan, 'pm2_5': 32.6, 'pm10': 180.7, 'carbon_monoxide': 208.0, 'nitrogen_dioxide': 6.6, 'sulphur_dioxide': 8.6, 'ozone': 116.0}
2025-05-31 15:26:10,238 - INFO - Wind Speed: 0.5 m/s
2025-05-31 15:26:10,273 - INFO - Wind Direction: 318 (NW)
2025-05-31 15:26:10,303 - INFO - Raw Rainfall Reading: 0.0 mm
2025-05-31 15:26:11,338 - INFO - Env: 30.0C, 47.9%, 1004.4hPa
2025-05-31 15:26:13,384 - INFO - UV: 0.00
2025-05-31 15:26:13,431 - INFO - AQI Sensor Data: {'co2': nan, 'pm2_5': 32.6, 'pm10': 180.7, 'carbon_monoxide': 208.0, 'nitrogen_dioxide': 6.6, 'sulphur_dioxide': 8.6, 'ozone': 116.0}
2025-05-31 15:26:13,461 - INFO - Wind Speed: 0.5 m/s
2025-05-31 15:26:13,497 - INFO - Wind Direction: 323 (NW)
2025-05-31 15:26:13,524 - INFO - Raw Rainfall Reading: 0.0 mm
2025-05-31 15:26:14,561 - INFO - Env: 30.0C, 47.9%, 1004.3hPa
2025-05-31 15:26:16,608 - INFO - UV: 0.00
2025-05-31 15:26:16,657 - INFO - AQI Sensor Data: {'co2': nan, 'pm2_5': 32.6, 'pm10': 180.7, 'carbon_monoxide': 208.0, 'nitrogen_dioxide': 6.6, 'sulphur_dioxide': 8.6, 'ozone': 116.0}
2025-05-31 15:26:16,688 - INFO - Wind Speed: 0.4 m/s
2025-05-31 15:26:16,722 - INFO - Wind Direction: 326 (NW)
2025-05-31 15:26:16,752 - INFO - Raw Rainfall Reading: 0.0 mm
2025-05-31 15:26:17,787 - INFO - Env: 30.0C, 47.9%, 1004.3hPa
2025-05-31 15:26:19,832 - INFO - UV: 0.00
2025-05-31 15:26:19,876 - INFO - AQI Sensor Data: {'co2': nan, 'pm2_5': 32.6, 'pm10': 180.7, 'carbon_monoxide': 208.0, 'nitrogen_dioxide': 6.6, 'sulphur_dioxide': 8.6, 'ozone': 116.0}
2025-05-31 15:26:19,906 - INFO - Wind Speed: 0.4 m/s
2025-05-31 15:26:19,940 - INFO - Wind Direction: 322 (NW)
2025-05-31 15:26:19,970 - INFO - Raw Rainfall Reading: 0.0 mm
2025-05-31 15:26:21,004 - INFO - Env: 30.0C, 47.9%, 1004.3hPa
2025-05-31 15:26:23,054 - INFO - UV: 0.00
2025-05-31 15:26:23,098 - INFO - AQI Sensor Data: {'co2': nan, 'pm2_5': 32.6, 'pm10': 180.7, 'carbon_monoxide': 208.0, 'nitrogen_dioxide': 6.6, 'sulphur_dioxide': 8.6, 'ozone': 116.0}
2025-05-31 15:26:23,128 - INFO - Wind Speed: 0.4 m/s
2025-05-31 15:26:23,163 - INFO - Wind Direction: 318 (NW)
2025-05-31 15:26:23,193 - INFO - Raw Rainfall Reading: 0.0 mm
2025-05-31 15:26:24,227 - INFO - Env: 30.0C, 47.9%, 1004.4hPa
2025-05-31 15:26:26,273 - INFO - UV: 0.00
2025-05-31 15:26:26,324 - INFO - AQI Sensor Data: {'co2': nan, 'pm2_5': 32.6, 'pm10': 180.7, 'carbon_monoxide': 208.0, 'nitrogen_dioxide': 6.6, 'sulphur_dioxide': 8.6, 'ozone': 116.0}
2025-05-31 15:26:26,354 - INFO - Wind Speed: 0.4 m/s
2025-05-31 15:26:26,388 - INFO - Wind Direction: 315 (NW)
2025-05-31 15:26:26,418 - INFO - Raw Rainfall Reading: 0.0 mm
2025-05-31 15:26:27,453 - INFO - Env: 30.0C, 47.9%, 1004.4hPa
2025-05-31 15:26:29,498 - INFO - UV: 0.08
2025-05-31 15:26:29,551 - INFO - AQI Sensor Data: {'co2': nan, 'pm2_5': 32.6, 'pm10': 180.7, 'carbon_monoxide': 208.0, 'nitrogen_dioxide': 6.6, 'sulphur_dioxide': 8.6, 'ozone': 116.0}
2025-05-31 15:26:29,582 - INFO - Wind Speed: 0.4 m/s
2025-05-31 15:26:29,617 - INFO - Wind Direction: 333 (NNW)
2025-05-31 15:26:29,646 - INFO - Raw Rainfall Reading: 0.0 mm
2025-05-31 15:26:30,681 - INFO - Env: 30.0C, 47.8%, 1004.3hPa
2025-05-31 15:26:32,727 - INFO - UV: 0.00
2025-05-31 15:26:32,771 - INFO - AQI Sensor Data: {'co2': nan, 'pm2_5': 32.6, 'pm10': 180.7, 'carbon_monoxide': 208.0, 'nitrogen_dioxide': 6.6, 'sulphur_dioxide': 8.6, 'ozone': 116.0}
2025-05-31 15:26:32,801 - INFO - Wind Speed: 0.4 m/s
2025-05-31 15:26:32,835 - INFO - Wind Direction: 319 (NW)
2025-05-31 15:26:32,865 - INFO - Raw Rainfall Reading: 0.0 mm
2025-05-31 15:26:33,899 - INFO - Env: 30.0C, 47.8%, 1004.4hPa
2025-05-31 15:26:35,943 - INFO - UV: 0.00
2025-05-31 15:26:35,992 - INFO - AQI Sensor Data: {'co2': nan, 'pm2_5': 32.6, 'pm10': 180.7, 'carbon_monoxide': 208.0, 'nitrogen_dioxide': 6.6, 'sulphur_dioxide': 8.6, 'ozone': 116.0}
2025-05-31 15:26:36,023 - INFO - Wind Speed: 0.4 m/s
2025-05-31 15:26:36,057 - INFO - Wind Direction: 317 (NW)
2025-05-31 15:26:36,087 - INFO - Raw Rainfall Reading: 0.0 mm
2025-05-31 15:26:37,121 - INFO - Env: 30.0C, 47.8%, 1004.4hPa
2025-05-31 15:26:39,166 - INFO - UV: 0.00
2025-05-31 15:26:39,212 - INFO - AQI Sensor Data: {'co2': nan, 'pm2_5': 32.6, 'pm10': 180.7, 'carbon_monoxide': 208.0, 'nitrogen_dioxide': 6.6, 'sulphur_dioxide': 8.6, 'ozone': 116.0}
2025-05-31 15:26:39,242 - INFO - Wind Speed: 0.4 m/s
2025-05-31 15:26:39,276 - INFO - Wind Direction: 325 (NW)
2025-05-31 15:26:39,306 - INFO - Raw Rainfall Reading: 0.0 mm
2025-05-31 15:26:40,340 - INFO - Env: 30.0C, 47.8%, 1004.4hPa
2025-05-31 15:26:41,101 - INFO - Shutting down weather station system
2025-05-31 15:26:42,384 - INFO - UV: 0.00
2025-05-31 15:26:42,446 - INFO - AQI Sensor Data: {'co2': nan, 'pm2_5': 32.6, 'pm10': 180.7, 'carbon_monoxide': 208.0, 'nitrogen_dioxide': 6.6, 'sulphur_dioxide': 8.6, 'ozone': 116.0}
2025-05-31 15:26:42,476 - INFO - Wind Speed: 0.5 m/s
2025-05-31 15:26:42,510 - INFO - Wind Direction: 324 (NW)
2025-05-31 15:26:42,540 - INFO - Raw Rainfall Reading: 0.0 mm
2025-05-31 15:26:58,107 - INFO - Weather Station System Initialized
2025-05-31 15:26:58,422 - ERROR - Display update error: unsupported operand type(s) for *: 'NoneType' and 'float'
2025-05-31 15:26:58,454 - INFO - Env: 30.0C, 47.8%, 1004.3hPa
2025-05-31 15:26:59,422 - ERROR - Display update error: unsupported operand type(s) for *: 'NoneType' and 'float'
2025-05-31 15:27:00,423 - ERROR - Display update error: unsupported operand type(s) for *: 'NoneType' and 'float'
2025-05-31 15:27:00,500 - INFO - UV: 0.00
2025-05-31 15:27:00,560 - INFO - AQI Sensor Data: {'co2': nan, 'pm2_5': 32.6, 'pm10': 180.7, 'carbon_monoxide': 208.0, 'nitrogen_dioxide': 6.6, 'sulphur_dioxide': 8.6, 'ozone': 116.0}
2025-05-31 15:27:00,590 - INFO - Wind Speed: 0.5 m/s
2025-05-31 15:27:00,624 - INFO - Wind Direction: 318 (NW)
2025-05-31 15:27:00,654 - INFO - Raw Rainfall Reading: 0.0 mm
2025-05-31 15:27:01,688 - INFO - Env: 30.0C, 47.8%, 1004.3hPa
2025-05-31 15:27:03,734 - INFO - UV: 0.00
2025-05-31 15:27:03,798 - INFO - AQI Sensor Data: {'co2': nan, 'pm2_5': 32.6, 'pm10': 180.7, 'carbon_monoxide': 208.0, 'nitrogen_dioxide': 6.6, 'sulphur_dioxide': 8.6, 'ozone': 116.0}
2025-05-31 15:27:03,828 - INFO - Wind Speed: 0.5 m/s
2025-05-31 15:27:03,862 - INFO - Wind Direction: 318 (NW)
2025-05-31 15:27:03,892 - INFO - Raw Rainfall Reading: 0.0 mm
2025-05-31 15:27:04,927 - INFO - Env: 30.0C, 47.9%, 1004.4hPa
2025-05-31 15:27:06,971 - INFO - UV: 0.00
2025-05-31 15:27:07,035 - INFO - AQI Sensor Data: {'co2': nan, 'pm2_5': 32.6, 'pm10': 180.7, 'carbon_monoxide': 208.0, 'nitrogen_dioxide': 6.6, 'sulphur_dioxide': 8.6, 'ozone': 116.0}
2025-05-31 15:27:07,066 - INFO - Wind Speed: 0.6 m/s
2025-05-31 15:27:07,100 - INFO - Wind Direction: 331 (NNW)
2025-05-31 15:27:07,130 - INFO - Raw Rainfall Reading: 0.0 mm
2025-05-31 15:27:08,164 - INFO - Env: 30.0C, 47.9%, 1004.5hPa
2025-05-31 15:27:08,369 - INFO - Shutting down weather station system
2025-05-31 15:27:10,207 - INFO - UV: 0.00
2025-05-31 15:27:10,272 - INFO - AQI Sensor Data: {'co2': nan, 'pm2_5': 32.6, 'pm10': 180.7, 'carbon_monoxide': 208.0, 'nitrogen_dioxide': 6.6, 'sulphur_dioxide': 8.6, 'ozone': 116.0}
2025-05-31 15:27:10,303 - INFO - Wind Speed: 0.4 m/s
2025-05-31 15:27:10,337 - INFO - Wind Direction: 318 (NW)
2025-05-31 15:27:10,367 - INFO - Raw Rainfall Reading: 0.0 mm
2025-05-31 15:32:21,425 - INFO - Weather Station System Initialized
2025-05-31 15:32:22,241 - ERROR - Display update error: unsupported operand type(s) for *: 'NoneType' and 'float'
2025-05-31 15:32:22,275 - INFO - Env: 29.9C, 47.3%, 1004.4hPa
2025-05-31 15:32:23,538 - ERROR - Display update error: unsupported operand type(s) for *: 'NoneType' and 'float'
2025-05-31 15:32:24,325 - INFO - UV: 0.00
2025-05-31 15:32:24,400 - INFO - AQI Sensor Data: {'co2': nan, 'pm2_5': 34.5, 'pm10': 193.2, 'carbon_monoxide': 227.0, 'nitrogen_dioxide': 8.8, 'sulphur_dioxide': 7.7, 'ozone': 104.0}
2025-05-31 15:32:24,434 - INFO - Wind Speed: 0.6 m/s
2025-05-31 15:32:24,473 - INFO - Wind Direction: 322 (NW)
2025-05-31 15:32:24,503 - INFO - Raw Rainfall Reading: 0.0 mm
2025-05-31 15:32:25,537 - INFO - Env: 29.9C, 47.3%, 1004.4hPa
2025-05-31 15:32:27,591 - INFO - UV: 0.00
2025-05-31 15:32:27,704 - INFO - AQI Sensor Data: {'co2': nan, 'pm2_5': 34.5, 'pm10': 193.2, 'carbon_monoxide': 227.0, 'nitrogen_dioxide': 8.8, 'sulphur_dioxide': 7.7, 'ozone': 104.0}
2025-05-31 15:32:27,734 - INFO - Wind Speed: 0.6 m/s
2025-05-31 15:32:27,769 - INFO - Wind Direction: 323 (NW)
2025-05-31 15:32:27,800 - INFO - Raw Rainfall Reading: 0.0 mm
2025-05-31 15:32:28,833 - INFO - Env: 29.9C, 47.3%, 1004.3hPa
2025-05-31 15:32:30,883 - INFO - UV: 0.00
2025-05-31 15:32:31,005 - INFO - AQI Sensor Data: {'co2': nan, 'pm2_5': 34.5, 'pm10': 193.2, 'carbon_monoxide': 227.0, 'nitrogen_dioxide': 8.8, 'sulphur_dioxide': 7.7, 'ozone': 104.0}
2025-05-31 15:32:31,037 - INFO - Wind Speed: 0.6 m/s
2025-05-31 15:32:31,074 - INFO - Wind Direction: 316 (NW)
2025-05-31 15:32:31,106 - INFO - Raw Rainfall Reading: 0.0 mm
2025-05-31 15:32:32,143 - INFO - Env: 29.9C, 47.2%, 1004.4hPa
2025-05-31 15:32:34,190 - INFO - UV: 0.05
2025-05-31 15:32:34,236 - INFO - AQI Sensor Data: {'co2': nan, 'pm2_5': 34.5, 'pm10': 193.2, 'carbon_monoxide': 227.0, 'nitrogen_dioxide': 8.8, 'sulphur_dioxide': 7.7, 'ozone': 104.0}
2025-05-31 15:32:34,266 - INFO - Wind Speed: 0.6 m/s
2025-05-31 15:32:34,300 - INFO - Wind Direction: 326 (NW)
2025-05-31 15:32:34,330 - INFO - Raw Rainfall Reading: 0.0 mm
2025-05-31 15:32:35,364 - INFO - Env: 29.9C, 47.2%, 1004.3hPa
2025-05-31 15:32:37,407 - INFO - UV: 0.00
2025-05-31 15:32:37,455 - INFO - AQI Sensor Data: {'co2': nan, 'pm2_5': 34.5, 'pm10': 193.2, 'carbon_monoxide': 227.0, 'nitrogen_dioxide': 8.8, 'sulphur_dioxide': 7.7, 'ozone': 104.0}
2025-05-31 15:32:37,485 - INFO - Wind Speed: 0.6 m/s
2025-05-31 15:32:37,519 - INFO - Wind Direction: 322 (NW)
2025-05-31 15:32:37,549 - INFO - Raw Rainfall Reading: 0.0 mm
2025-05-31 15:32:38,583 - INFO - Env: 29.9C, 47.3%, 1004.3hPa
2025-05-31 15:32:40,630 - INFO - UV: 0.05
2025-05-31 15:32:40,677 - INFO - AQI Sensor Data: {'co2': nan, 'pm2_5': 34.5, 'pm10': 193.2, 'carbon_monoxide': 227.0, 'nitrogen_dioxide': 8.8, 'sulphur_dioxide': 7.7, 'ozone': 104.0}
2025-05-31 15:32:40,707 - INFO - Wind Speed: 0.6 m/s
2025-05-31 15:32:40,742 - INFO - Wind Direction: 313 (NW)
2025-05-31 15:32:40,772 - INFO - Raw Rainfall Reading: 0.0 mm
2025-05-31 15:32:41,807 - INFO - Env: 29.9C, 47.3%, 1004.2hPa
2025-05-31 15:32:43,853 - INFO - UV: 0.02
2025-05-31 15:32:43,897 - INFO - AQI Sensor Data: {'co2': nan, 'pm2_5': 34.5, 'pm10': 193.2, 'carbon_monoxide': 227.0, 'nitrogen_dioxide': 8.8, 'sulphur_dioxide': 7.7, 'ozone': 104.0}
2025-05-31 15:32:43,927 - INFO - Wind Speed: 0.6 m/s
2025-05-31 15:32:43,961 - INFO - Wind Direction: 324 (NW)
2025-05-31 15:32:43,991 - INFO - Raw Rainfall Reading: 0.0 mm
2025-05-31 15:32:45,025 - INFO - Env: 29.9C, 47.2%, 1004.3hPa
2025-05-31 15:32:47,069 - INFO - UV: 0.00
2025-05-31 15:32:47,115 - INFO - AQI Sensor Data: {'co2': nan, 'pm2_5': 34.5, 'pm10': 193.2, 'carbon_monoxide': 227.0, 'nitrogen_dioxide': 8.8, 'sulphur_dioxide': 7.7, 'ozone': 104.0}
2025-05-31 15:32:47,145 - INFO - Wind Speed: 0.5 m/s
2025-05-31 15:32:47,179 - INFO - Wind Direction: 324 (NW)
2025-05-31 15:32:47,209 - INFO - Raw Rainfall Reading: 0.0 mm
2025-05-31 15:32:48,243 - INFO - Env: 29.9C, 47.2%, 1004.4hPa
2025-05-31 15:32:50,289 - INFO - UV: 0.00
2025-05-31 15:32:50,333 - INFO - AQI Sensor Data: {'co2': nan, 'pm2_5': 34.5, 'pm10': 193.2, 'carbon_monoxide': 227.0, 'nitrogen_dioxide': 8.8, 'sulphur_dioxide': 7.7, 'ozone': 104.0}
2025-05-31 15:32:50,363 - INFO - Wind Speed: 0.5 m/s
2025-05-31 15:32:50,397 - INFO - Wind Direction: 313 (NW)
2025-05-31 15:32:50,426 - INFO - Raw Rainfall Reading: 0.0 mm
2025-05-31 15:32:51,460 - INFO - Env: 29.9C, 47.2%, 1004.3hPa
2025-05-31 15:32:53,506 - INFO - UV: 0.02
2025-05-31 15:32:53,550 - INFO - AQI Sensor Data: {'co2': nan, 'pm2_5': 34.5, 'pm10': 193.2, 'carbon_monoxide': 227.0, 'nitrogen_dioxide': 8.8, 'sulphur_dioxide': 7.7, 'ozone': 104.0}
2025-05-31 15:32:53,579 - INFO - Wind Speed: 0.5 m/s
2025-05-31 15:32:53,613 - INFO - Wind Direction: 328 (NNW)
2025-05-31 15:32:53,643 - INFO - Raw Rainfall Reading: 0.0 mm
2025-05-31 15:32:54,678 - INFO - Env: 29.9C, 47.2%, 1004.3hPa
2025-05-31 15:32:56,724 - INFO - UV: 0.00
2025-05-31 15:32:56,771 - INFO - AQI Sensor Data: {'co2': nan, 'pm2_5': 34.5, 'pm10': 193.2, 'carbon_monoxide': 227.0, 'nitrogen_dioxide': 8.8, 'sulphur_dioxide': 7.7, 'ozone': 104.0}
2025-05-31 15:32:56,802 - INFO - Wind Speed: 0.6 m/s
2025-05-31 15:32:56,836 - INFO - Wind Direction: 322 (NW)
2025-05-31 15:32:56,866 - INFO - Raw Rainfall Reading: 0.0 mm
2025-05-31 15:32:57,900 - INFO - Env: 29.9C, 47.2%, 1004.2hPa
2025-05-31 15:32:59,944 - INFO - UV: 0.00
2025-05-31 15:33:00,005 - INFO - AQI Sensor Data: {'co2': nan, 'pm2_5': 34.5, 'pm10': 193.2, 'carbon_monoxide': 227.0, 'nitrogen_dioxide': 8.8, 'sulphur_dioxide': 7.7, 'ozone': 104.0}
2025-05-31 15:33:00,035 - INFO - Wind Speed: 0.6 m/s
2025-05-31 15:33:00,069 - INFO - Wind Direction: 318 (NW)
2025-05-31 15:33:00,099 - INFO - Raw Rainfall Reading: 0.0 mm
2025-05-31 15:33:01,133 - INFO - Env: 29.9C, 47.1%, 1004.3hPa
2025-05-31 15:33:03,179 - INFO - UV: 0.05
2025-05-31 15:33:03,222 - INFO - AQI Sensor Data: {'co2': nan, 'pm2_5': 34.5, 'pm10': 193.2, 'carbon_monoxide': 227.0, 'nitrogen_dioxide': 8.8, 'sulphur_dioxide': 7.7, 'ozone': 104.0}
2025-05-31 15:33:03,252 - INFO - Wind Speed: 0.6 m/s
2025-05-31 15:33:03,286 - INFO - Wind Direction: 324 (NW)
2025-05-31 15:33:03,316 - INFO - Raw Rainfall Reading: 0.0 mm
2025-05-31 15:33:04,350 - INFO - Env: 29.9C, 47.1%, 1004.2hPa
2025-05-31 15:33:06,394 - INFO - UV: 0.00
2025-05-31 15:33:06,438 - INFO - AQI Sensor Data: {'co2': nan, 'pm2_5': 34.5, 'pm10': 193.2, 'carbon_monoxide': 227.0, 'nitrogen_dioxide': 8.8, 'sulphur_dioxide': 7.7, 'ozone': 104.0}
2025-05-31 15:33:06,468 - INFO - Wind Speed: 0.7 m/s
2025-05-31 15:33:06,502 - INFO - Wind Direction: 320 (NW)
2025-05-31 15:33:06,532 - INFO - Raw Rainfall Reading: 0.0 mm
2025-05-31 15:33:07,566 - INFO - Env: 29.9C, 47.1%, 1004.2hPa
2025-05-31 15:33:09,610 - INFO - UV: 0.00
2025-05-31 15:33:09,683 - INFO - AQI Sensor Data: {'co2': nan, 'pm2_5': 34.5, 'pm10': 193.2, 'carbon_monoxide': 227.0, 'nitrogen_dioxide': 8.8, 'sulphur_dioxide': 7.7, 'ozone': 104.0}
2025-05-31 15:33:09,713 - INFO - Wind Speed: 0.7 m/s
2025-05-31 15:33:09,748 - INFO - Wind Direction: 318 (NW)
2025-05-31 15:33:09,779 - INFO - Raw Rainfall Reading: 0.0 mm
2025-05-31 15:33:10,814 - INFO - Env: 29.9C, 47.1%, 1004.2hPa
2025-05-31 15:33:12,858 - INFO - UV: 0.00
2025-05-31 15:33:12,921 - INFO - AQI Sensor Data: {'co2': nan, 'pm2_5': 34.5, 'pm10': 193.2, 'carbon_monoxide': 227.0, 'nitrogen_dioxide': 8.8, 'sulphur_dioxide': 7.7, 'ozone': 104.0}
2025-05-31 15:33:12,951 - INFO - Wind Speed: 0.7 m/s
2025-05-31 15:33:12,985 - INFO - Wind Direction: 323 (NW)
2025-05-31 15:33:13,015 - INFO - Raw Rainfall Reading: 0.0 mm
2025-05-31 15:33:14,049 - INFO - Env: 29.9C, 47.2%, 1004.2hPa
2025-05-31 15:33:16,093 - INFO - UV: 0.00
2025-05-31 15:33:16,137 - INFO - AQI Sensor Data: {'co2': nan, 'pm2_5': 34.5, 'pm10': 193.2, 'carbon_monoxide': 227.0, 'nitrogen_dioxide': 8.8, 'sulphur_dioxide': 7.7, 'ozone': 104.0}
2025-05-31 15:33:16,167 - INFO - Wind Speed: 0.7 m/s
2025-05-31 15:33:16,201 - INFO - Wind Direction: 318 (NW)
2025-05-31 15:33:16,231 - INFO - Raw Rainfall Reading: 0.0 mm
2025-05-31 15:33:17,265 - INFO - Env: 29.9C, 47.2%, 1004.3hPa
2025-05-31 15:33:19,312 - INFO - UV: 0.00
2025-05-31 15:33:19,356 - INFO - AQI Sensor Data: {'co2': nan, 'pm2_5': 34.5, 'pm10': 193.2, 'carbon_monoxide': 227.0, 'nitrogen_dioxide': 8.8, 'sulphur_dioxide': 7.7, 'ozone': 104.0}
2025-05-31 15:33:19,387 - INFO - Wind Speed: 0.7 m/s
2025-05-31 15:33:19,422 - INFO - Wind Direction: 329 (NNW)
2025-05-31 15:33:19,452 - INFO - Raw Rainfall Reading: 0.0 mm
2025-05-31 15:33:20,486 - INFO - Env: 29.9C, 47.2%, 1004.3hPa
2025-05-31 15:33:22,534 - INFO - UV: 0.00
2025-05-31 15:33:22,589 - INFO - AQI Sensor Data: {'co2': nan, 'pm2_5': 34.5, 'pm10': 193.2, 'carbon_monoxide': 227.0, 'nitrogen_dioxide': 8.8, 'sulphur_dioxide': 7.7, 'ozone': 104.0}
2025-05-31 15:33:22,620 - INFO - Wind Speed: 0.8 m/s
2025-05-31 15:33:22,654 - INFO - Wind Direction: 320 (NW)
2025-05-31 15:33:22,684 - INFO - Raw Rainfall Reading: 0.0 mm
2025-05-31 15:33:23,719 - INFO - Env: 29.9C, 47.2%, 1004.2hPa
2025-05-31 15:33:25,766 - INFO - UV: 0.00
2025-05-31 15:33:25,817 - INFO - AQI Sensor Data: {'co2': nan, 'pm2_5': 34.5, 'pm10': 193.2, 'carbon_monoxide': 227.0, 'nitrogen_dioxide': 8.8, 'sulphur_dioxide': 7.7, 'ozone': 104.0}
2025-05-31 15:33:25,847 - INFO - Wind Speed: 0.9 m/s
2025-05-31 15:33:25,881 - INFO - Wind Direction: 321 (NW)
2025-05-31 15:33:25,911 - INFO - Raw Rainfall Reading: 0.0 mm
2025-05-31 15:33:26,370 - INFO - Shutting down weather station system
2025-05-31 15:48:20,533 - INFO - Weather Station System Initialized
2025-05-31 15:48:20,879 - ERROR - Display update error: unsupported operand type(s) for *: 'NoneType' and 'float'
2025-05-31 15:48:20,912 - INFO - Env: 30.0C, 48.5%, 1004.0hPa
2025-05-31 15:48:21,880 - ERROR - Display update error: unsupported operand type(s) for *: 'NoneType' and 'float'
2025-05-31 15:48:22,880 - ERROR - Display update error: unsupported operand type(s) for *: 'NoneType' and 'float'
2025-05-31 15:48:22,956 - INFO - UV: 0.00
2025-05-31 15:48:23,021 - INFO - AQI Sensor Data: {'co2': nan, 'pm2_5': 34.5, 'pm10': 193.2, 'carbon_monoxide': 227.0, 'nitrogen_dioxide': 8.8, 'sulphur_dioxide': 7.7, 'ozone': 104.0}
2025-05-31 15:48:23,051 - INFO - Wind Speed: 0.4 m/s
2025-05-31 15:48:23,085 - INFO - Wind Direction: 317 (NW)
2025-05-31 15:48:23,115 - INFO - Raw Rainfall Reading: 0.0 mm
2025-05-31 15:48:24,149 - INFO - Env: 30.0C, 48.5%, 1004.0hPa
2025-05-31 15:48:26,196 - INFO - UV: 0.00
2025-05-31 15:48:26,261 - INFO - AQI Sensor Data: {'co2': nan, 'pm2_5': 34.5, 'pm10': 193.2, 'carbon_monoxide': 227.0, 'nitrogen_dioxide': 8.8, 'sulphur_dioxide': 7.7, 'ozone': 104.0}
2025-05-31 15:48:26,291 - INFO - Wind Speed: 0.4 m/s
2025-05-31 15:48:26,325 - INFO - Wind Direction: 327 (NNW)
2025-05-31 15:48:26,355 - INFO - Raw Rainfall Reading: 0.0 mm
2025-05-31 15:48:27,389 - INFO - Env: 30.0C, 48.6%, 1004.1hPa
2025-05-31 15:48:29,241 - INFO - Shutting down weather station system
2025-05-31 15:48:29,434 - INFO - UV: 0.00
2025-05-31 15:48:29,493 - INFO - AQI Sensor Data: {'co2': nan, 'pm2_5': 34.5, 'pm10': 193.2, 'carbon_monoxide': 227.0, 'nitrogen_dioxide': 8.8, 'sulphur_dioxide': 7.7, 'ozone': 104.0}
2025-05-31 15:48:29,523 - INFO - Wind Speed: 0.4 m/s
2025-05-31 15:48:29,557 - INFO - Wind Direction: 316 (NW)
2025-05-31 15:48:29,587 - INFO - Raw Rainfall Reading: 0.0 mm
