2025-06-24 08:50:52,773 - INFO - Weather Station System Initialized
2025-06-24 08:50:53,296 - ERROR - Failed to connect to Modbus
2025-06-24 08:50:53,298 - ERROR - Modbus connection failed
2025-06-24 08:50:53,299 - ERROR - Display update error: unsupported operand type(s) for *: 'NoneType' and 'float'
2025-06-24 08:50:54,399 - ERROR - Display update error: unsupported operand type(s) for *: 'NoneType' and 'float'
2025-06-24 08:50:55,400 - ERROR - Display update error: unsupported operand type(s) for *: 'NoneType' and 'float'
2025-06-24 08:50:56,400 - ERROR - Display update error: unsupported operand type(s) for *: 'NoneType' and 'float'
2025-06-24 08:50:57,401 - ERROR - Display update error: unsupported operand type(s) for *: 'NoneType' and 'float'
2025-06-24 08:50:58,300 - ERROR - Modbus connection failed
2025-06-24 08:50:58,401 - ERROR - Display update error: unsupported operand type(s) for *: 'NoneType' and 'float'
2025-06-24 08:50:59,401 - ERROR - Display update error: unsupported operand type(s) for *: 'NoneType' and 'float'
2025-06-24 08:51:00,402 - ERROR - Display update error: unsupported operand type(s) for *: 'NoneType' and 'float'
2025-06-24 08:51:01,402 - ERROR - Display update error: unsupported operand type(s) for *: 'NoneType' and 'float'
2025-06-24 08:51:02,402 - ERROR - Display update error: unsupported operand type(s) for *: 'NoneType' and 'float'
2025-06-24 08:51:03,301 - ERROR - Modbus connection failed
2025-06-24 08:51:03,403 - ERROR - Display update error: unsupported operand type(s) for *: 'NoneType' and 'float'
2025-06-24 08:51:04,403 - ERROR - Display update error: unsupported operand type(s) for *: 'NoneType' and 'float'
2025-06-24 08:51:05,403 - ERROR - Display update error: unsupported operand type(s) for *: 'NoneType' and 'float'
2025-06-24 08:51:06,404 - ERROR - Display update error: unsupported operand type(s) for *: 'NoneType' and 'float'
2025-06-24 08:51:07,404 - ERROR - Display update error: unsupported operand type(s) for *: 'NoneType' and 'float'
2025-06-24 08:51:08,301 - ERROR - Modbus connection failed
2025-06-24 08:51:08,404 - ERROR - Display update error: unsupported operand type(s) for *: 'NoneType' and 'float'
2025-06-24 08:51:09,405 - ERROR - Display update error: unsupported operand type(s) for *: 'NoneType' and 'float'
2025-06-24 08:51:10,405 - ERROR - Display update error: unsupported operand type(s) for *: 'NoneType' and 'float'
2025-06-24 08:51:11,406 - ERROR - Display update error: unsupported operand type(s) for *: 'NoneType' and 'float'
2025-06-24 08:51:12,406 - ERROR - Display update error: unsupported operand type(s) for *: 'NoneType' and 'float'
2025-06-24 08:51:13,301 - ERROR - Modbus connection failed
2025-06-24 08:51:13,406 - ERROR - Display update error: unsupported operand type(s) for *: 'NoneType' and 'float'
2025-06-24 08:51:14,407 - ERROR - Display update error: unsupported operand type(s) for *: 'NoneType' and 'float'
2025-06-24 08:51:15,407 - ERROR - Display update error: unsupported operand type(s) for *: 'NoneType' and 'float'
2025-06-24 08:51:16,407 - ERROR - Display update error: unsupported operand type(s) for *: 'NoneType' and 'float'
2025-06-24 08:51:17,408 - ERROR - Display update error: unsupported operand type(s) for *: 'NoneType' and 'float'
2025-06-24 08:51:18,302 - ERROR - Modbus connection failed
2025-06-24 08:51:18,408 - ERROR - Display update error: unsupported operand type(s) for *: 'NoneType' and 'float'
2025-06-24 08:51:19,332 - INFO - Shutting down weather station system
2025-06-24 10:59:10,749 - INFO - Weather Station System Initialized
2025-06-24 10:59:11,162 - ERROR - Failed to connect to Modbus
2025-06-24 10:59:11,164 - ERROR - Modbus connection failed
2025-06-24 10:59:11,164 - ERROR - Display update error: unsupported operand type(s) for *: 'NoneType' and 'float'
2025-06-24 10:59:12,233 - ERROR - Display update error: unsupported operand type(s) for *: 'NoneType' and 'float'
2025-06-24 10:59:13,234 - ERROR - Display update error: unsupported operand type(s) for *: 'NoneType' and 'float'
2025-06-24 10:59:14,234 - ERROR - Display update error: unsupported operand type(s) for *: 'NoneType' and 'float'
2025-06-24 10:59:15,235 - ERROR - Display update error: unsupported operand type(s) for *: 'NoneType' and 'float'
2025-06-24 10:59:16,164 - ERROR - Modbus connection failed
2025-06-24 10:59:16,235 - ERROR - Display update error: unsupported operand type(s) for *: 'NoneType' and 'float'
2025-06-24 10:59:17,236 - ERROR - Display update error: unsupported operand type(s) for *: 'NoneType' and 'float'
2025-06-24 10:59:18,236 - ERROR - Display update error: unsupported operand type(s) for *: 'NoneType' and 'float'
2025-06-24 10:59:19,236 - ERROR - Display update error: unsupported operand type(s) for *: 'NoneType' and 'float'
2025-06-24 10:59:20,237 - ERROR - Display update error: unsupported operand type(s) for *: 'NoneType' and 'float'
2025-06-24 10:59:21,165 - ERROR - Modbus connection failed
2025-06-24 10:59:21,237 - ERROR - Display update error: unsupported operand type(s) for *: 'NoneType' and 'float'
2025-06-24 10:59:22,237 - ERROR - Display update error: unsupported operand type(s) for *: 'NoneType' and 'float'
2025-06-24 10:59:23,238 - ERROR - Display update error: unsupported operand type(s) for *: 'NoneType' and 'float'
2025-06-24 10:59:24,223 - INFO - Shutting down weather station system
2025-06-24 11:16:20,862 - INFO - Weather Station System Initialized
2025-06-24 11:16:21,423 - ERROR - Failed to connect to Modbus
2025-06-24 11:16:21,424 - ERROR - Display update error: unsupported operand type(s) for *: 'NoneType' and 'float'
2025-06-24 11:16:21,425 - ERROR - Modbus connection failed
2025-06-24 11:16:22,425 - ERROR - Display update error: unsupported operand type(s) for *: 'NoneType' and 'float'
2025-06-24 11:16:23,426 - ERROR - Display update error: unsupported operand type(s) for *: 'NoneType' and 'float'
2025-06-24 11:16:24,426 - ERROR - Display update error: unsupported operand type(s) for *: 'NoneType' and 'float'
2025-06-24 11:16:25,427 - ERROR - Display update error: unsupported operand type(s) for *: 'NoneType' and 'float'
2025-06-24 11:16:26,074 - INFO - Shutting down weather station system
2025-06-24 11:23:59,109 - INFO - Weather Station System Initialized
2025-06-24 11:23:59,485 - ERROR - Failed to connect to Modbus
2025-06-24 11:23:59,486 - ERROR - Display update error: unsupported operand type(s) for *: 'NoneType' and 'float'
2025-06-24 11:23:59,486 - ERROR - Modbus connection failed
2025-06-24 11:24:00,486 - ERROR - Display update error: unsupported operand type(s) for *: 'NoneType' and 'float'
2025-06-24 11:24:01,487 - ERROR - Display update error: unsupported operand type(s) for *: 'NoneType' and 'float'
2025-06-24 11:24:02,487 - ERROR - Display update error: unsupported operand type(s) for *: 'NoneType' and 'float'
2025-06-24 11:24:03,487 - ERROR - Display update error: unsupported operand type(s) for *: 'NoneType' and 'float'
2025-06-24 11:24:04,487 - ERROR - Modbus connection failed
2025-06-24 11:24:04,487 - ERROR - Display update error: unsupported operand type(s) for *: 'NoneType' and 'float'
2025-06-24 11:24:05,488 - ERROR - Display update error: unsupported operand type(s) for *: 'NoneType' and 'float'
2025-06-24 11:24:06,488 - ERROR - Display update error: unsupported operand type(s) for *: 'NoneType' and 'float'
2025-06-24 11:24:07,488 - ERROR - Display update error: unsupported operand type(s) for *: 'NoneType' and 'float'
2025-06-24 11:24:08,488 - ERROR - Display update error: unsupported operand type(s) for *: 'NoneType' and 'float'
2025-06-24 11:24:09,487 - ERROR - Modbus connection failed
2025-06-24 11:24:09,488 - ERROR - Display update error: unsupported operand type(s) for *: 'NoneType' and 'float'
2025-06-24 11:24:10,488 - ERROR - Display update error: unsupported operand type(s) for *: 'NoneType' and 'float'
2025-06-24 11:24:11,488 - ERROR - Display update error: unsupported operand type(s) for *: 'NoneType' and 'float'
2025-06-24 11:24:12,489 - ERROR - Display update error: unsupported operand type(s) for *: 'NoneType' and 'float'
2025-06-24 11:24:13,489 - ERROR - Display update error: unsupported operand type(s) for *: 'NoneType' and 'float'
2025-06-24 11:24:14,487 - ERROR - Modbus connection failed
2025-06-24 11:24:14,489 - ERROR - Display update error: unsupported operand type(s) for *: 'NoneType' and 'float'
2025-06-24 11:24:14,770 - INFO - Shutting down weather station system
